"../../../Engine/Content/EngineMaterials/DefaultPhysicalMaterial.uasset" 0
"../../../Engine/Content/EngineMaterials/DefaultPhysicalMaterial.uexp" 1
"../../../Engine/Content/Functions/Engine_MaterialFunctions02/Utility/BreakOutFloat3Components.uasset" 2
"../../../Engine/Content/Functions/Engine_MaterialFunctions02/Utility/BreakOutFloat3Components.uexp" 3
"../../../Engine/Content/Functions/Engine_MaterialFunctions02/Utility/VectorLength.uasset" 4
"../../../Engine/Content/Functions/Engine_MaterialFunctions02/Utility/VectorLength.uexp" 5
"../../../Engine/Content/Functions/Engine_MaterialFunctions02/WorldPositionOffset/ObjectPivotPoint.uasset" 6
"../../../Engine/Content/Functions/Engine_MaterialFunctions02/WorldPositionOffset/ObjectPivotPoint.uexp" 7
"../../../Engine/Content/Functions/Engine_MaterialFunctions02/WorldPositionOffset/ObjectScale.uasset" 8
"../../../Engine/Content/Functions/Engine_MaterialFunctions02/WorldPositionOffset/ObjectScale.uexp" 9
"E:/UnrealProjects/HyperspacePanic/Content/Blockout/Materials/TechArt/MF_CheapLF_Vec2.uasset" 10
"E:/UnrealProjects/HyperspacePanic/Content/Blockout/Materials/TechArt/MF_CheapLF_Vec2.uexp" 11
"E:/UnrealProjects/HyperspacePanic/Content/Blockout/Materials/TechArt/MF_LDGrid_Triplanar.uasset" 12
"E:/UnrealProjects/HyperspacePanic/Content/Blockout/Materials/TechArt/MF_LDGrid_Triplanar.uexp" 13
"E:/UnrealProjects/HyperspacePanic/Content/Blockout/Textures/T_Grid.uasset" 14
"E:/UnrealProjects/HyperspacePanic/Content/Blockout/Textures/T_Grid.uexp" 15
"E:/UnrealProjects/HyperspacePanic/Content/Blockout/Textures/T_Grid.ubulk" 16
"E:/UnrealProjects/HyperspacePanic/Content/Blockout/Materials/M_LDGrid_Local.uasset" 17
"E:/UnrealProjects/HyperspacePanic/Content/Blockout/Materials/M_LDGrid_Local.uexp" 18
"E:/UnrealProjects/HyperspacePanic/Content/Blockout/Materials/MI_LDGrid_Cover.uasset" 19
"E:/UnrealProjects/HyperspacePanic/Content/Blockout/Materials/MI_LDGrid_Cover.uexp" 20
"E:/UnrealProjects/HyperspacePanic/Content/Blockout/Materials/MI_LDGrid_ExpBarrel.uasset" 21
"E:/UnrealProjects/HyperspacePanic/Content/Blockout/Materials/MI_LDGrid_ExpBarrel.uexp" 22
"E:/UnrealProjects/HyperspacePanic/Content/Blockout/Materials/MI_LDGrid_JumpX.uasset" 23
"E:/UnrealProjects/HyperspacePanic/Content/Blockout/Materials/MI_LDGrid_JumpX.uexp" 24
"E:/UnrealProjects/HyperspacePanic/Content/Blockout/Materials/MI_LDGrid_Local_DarkGrey.uasset" 25
"E:/UnrealProjects/HyperspacePanic/Content/Blockout/Materials/MI_LDGrid_Local_DarkGrey.uexp" 26
"E:/UnrealProjects/HyperspacePanic/Content/Blockout/Materials/MI_LDGrid_Local_Green.uasset" 27
"E:/UnrealProjects/HyperspacePanic/Content/Blockout/Materials/MI_LDGrid_Local_Green.uexp" 28
"E:/UnrealProjects/HyperspacePanic/Content/Blockout/Materials/MI_LDGrid_Local_White.uasset" 29
"E:/UnrealProjects/HyperspacePanic/Content/Blockout/Materials/MI_LDGrid_Local_White.uexp" 30
"E:/UnrealProjects/HyperspacePanic/Content/Blockout/Materials/MI_LDGrid_Water.uasset" 31
"E:/UnrealProjects/HyperspacePanic/Content/Blockout/Materials/MI_LDGrid_Water.uexp" 32
"E:/UnrealProjects/HyperspacePanic/Content/Blockout/Materials/MI_LDGrid_World.uasset" 33
"E:/UnrealProjects/HyperspacePanic/Content/Blockout/Materials/MI_LDGrid_World.uexp" 34
"E:/UnrealProjects/HyperspacePanic/Content/Blockout/Materials/TechArt/MPC_LDGrid.uasset" 35
"E:/UnrealProjects/HyperspacePanic/Content/Blockout/Materials/TechArt/MPC_LDGrid.uexp" 36
"E:/UnrealProjects/HyperspacePanic/Content/Blockout/Materials/MI_LDGrid_Local_Grey.uasset" 37
"E:/UnrealProjects/HyperspacePanic/Content/Blockout/Materials/MI_LDGrid_Local_Grey.uexp" 38
"E:/UnrealProjects/HyperspacePanic/Content/Blockout/StaticMeshes/SM_PH_Door_Double_4x4.uasset" 39
"E:/UnrealProjects/HyperspacePanic/Content/Blockout/StaticMeshes/SM_PH_Door_Double_4x4.uexp" 40
"E:/UnrealProjects/HyperspacePanic/Content/Blockout/StaticMeshes/SM_PH_Door_Single_2x4.uasset" 41
"E:/UnrealProjects/HyperspacePanic/Content/Blockout/StaticMeshes/SM_PH_Door_Single_2x4.uexp" 42
"E:/UnrealProjects/HyperspacePanic/Content/Blockout/StaticMeshes/SM_PH_Floor_2x2.uasset" 43
"E:/UnrealProjects/HyperspacePanic/Content/Blockout/StaticMeshes/SM_PH_Floor_2x2.uexp" 44
"E:/UnrealProjects/HyperspacePanic/Content/Blockout/StaticMeshes/SM_PH_Floor_4x4.uasset" 45
"E:/UnrealProjects/HyperspacePanic/Content/Blockout/StaticMeshes/SM_PH_Floor_4x4.uexp" 46
"E:/UnrealProjects/HyperspacePanic/Content/Blockout/StaticMeshes/SM_PH_Stairs_2x1.uasset" 47
"E:/UnrealProjects/HyperspacePanic/Content/Blockout/StaticMeshes/SM_PH_Stairs_2x1.uexp" 48
"E:/UnrealProjects/HyperspacePanic/Content/Blockout/StaticMeshes/SM_PH_Stairs_2x2.uasset" 49
"E:/UnrealProjects/HyperspacePanic/Content/Blockout/StaticMeshes/SM_PH_Stairs_2x2.uexp" 50
"E:/UnrealProjects/HyperspacePanic/Content/Blockout/StaticMeshes/SM_PH_Stairs_B_2x1.uasset" 51
"E:/UnrealProjects/HyperspacePanic/Content/Blockout/StaticMeshes/SM_PH_Stairs_B_2x1.uexp" 52
"E:/UnrealProjects/HyperspacePanic/Content/Blockout/StaticMeshes/SM_PH_Wall_1x4.uasset" 53
"E:/UnrealProjects/HyperspacePanic/Content/Blockout/StaticMeshes/SM_PH_Wall_1x4.uexp" 54
"E:/UnrealProjects/HyperspacePanic/Content/Blockout/StaticMeshes/SM_PH_Wall_2x4.uasset" 55
"E:/UnrealProjects/HyperspacePanic/Content/Blockout/StaticMeshes/SM_PH_Wall_2x4.uexp" 56
"E:/UnrealProjects/HyperspacePanic/Content/Blockout/StaticMeshes/SM_PH_Wall_4x4_1.uasset" 57
"E:/UnrealProjects/HyperspacePanic/Content/Blockout/StaticMeshes/SM_PH_Wall_4x4_1.uexp" 58
"E:/UnrealProjects/HyperspacePanic/Content/Blockout/StaticMeshes/SM_PH_Wall_Corner_1x1.uasset" 59
"E:/UnrealProjects/HyperspacePanic/Content/Blockout/StaticMeshes/SM_PH_Wall_Corner_1x1.uexp" 60
"../../../Engine/Content/EngineMaterials/T_Default_Material_Grid_N.uasset" 61
"../../../Engine/Content/EngineMaterials/T_Default_Material_Grid_N.uexp" 62
"../../../Engine/Content/EngineMaterials/T_Default_Material_Grid_N.ubulk" 63
"../../../Engine/Content/EngineMaterials/T_Default_Material_Grid_M.uasset" 64
"../../../Engine/Content/EngineMaterials/T_Default_Material_Grid_M.uexp" 65
"../../../Engine/Content/EngineMaterials/T_Default_Material_Grid_M.ubulk" 66
"../../../Engine/Content/Functions/Engine_MaterialFunctions01/Opacity/CameraDepthFade.uasset" 67
"../../../Engine/Content/Functions/Engine_MaterialFunctions01/Opacity/CameraDepthFade.uexp" 68
"../../../Engine/Content/EngineMaterials/WorldGridMaterial.uasset" 69
"../../../Engine/Content/EngineMaterials/WorldGridMaterial.uexp" 70
"E:/UnrealProjects/HyperspacePanic/Content/Blockout/Materials/M_LDGrid_Base.uasset" 71
"E:/UnrealProjects/HyperspacePanic/Content/Blockout/Materials/M_LDGrid_Base.uexp" 72
"E:/UnrealProjects/HyperspacePanic/Content/Blockout/Materials/MI_LDGrid_Base_Grey.uasset" 73
"E:/UnrealProjects/HyperspacePanic/Content/Blockout/Materials/MI_LDGrid_Base_Grey.uexp" 74
"E:/UnrealProjects/HyperspacePanic/Content/Blockout/StaticMeshes/SM_PH_Window_2x4.uasset" 75
"E:/UnrealProjects/HyperspacePanic/Content/Blockout/StaticMeshes/SM_PH_Window_2x4.uexp" 76
"E:/UnrealProjects/HyperspacePanic/Content/Blockout/StaticMeshes/SM_PH_Window_4x4.uasset" 77
"E:/UnrealProjects/HyperspacePanic/Content/Blockout/StaticMeshes/SM_PH_Window_4x4.uexp" 78
"../../../Engine/Content/EngineMaterials/DefaultMaterial.uasset" 79
"../../../Engine/Content/EngineMaterials/DefaultMaterial.uexp" 80
"../../../Engine/Content/BasicShapes/Cylinder.uasset" 81
"../../../Engine/Content/BasicShapes/Cylinder.uexp" 82
"../../../Engine/Content/BasicShapes/BasicShapeMaterial.uasset" 83
"../../../Engine/Content/BasicShapes/BasicShapeMaterial.uexp" 84
"E:/UnrealProjects/HyperspacePanic/Content/Blueprints/Platforming/BP_Pickup_Wrench.uasset" 85
"E:/UnrealProjects/HyperspacePanic/Content/Blueprints/Platforming/BP_Pickup_Wrench.uexp" 86
"E:/UnrealProjects/HyperspacePanic/Content/_Main/Meshes/wrench/source/framed-square-metal-pattern1-roughness.uasset" 87
"E:/UnrealProjects/HyperspacePanic/Content/_Main/Meshes/wrench/source/framed-square-metal-pattern1-roughness.uexp" 88
"E:/UnrealProjects/HyperspacePanic/Content/_Main/Meshes/wrench/source/framed-square-metal-pattern1-roughness.ubulk" 89
"E:/UnrealProjects/HyperspacePanic/Content/_Main/Meshes/wrench/source/framed-square-metal-pattern1-albedo.uasset" 90
"E:/UnrealProjects/HyperspacePanic/Content/_Main/Meshes/wrench/source/framed-square-metal-pattern1-albedo.uexp" 91
"E:/UnrealProjects/HyperspacePanic/Content/_Main/Meshes/wrench/source/framed-square-metal-pattern1-albedo.ubulk" 92
"E:/UnrealProjects/HyperspacePanic/Content/_Main/Meshes/wrench/source/Material.uasset" 93
"E:/UnrealProjects/HyperspacePanic/Content/_Main/Meshes/wrench/source/Material.uexp" 94
"E:/UnrealProjects/HyperspacePanic/Content/_Main/Meshes/wrench/source/Wrench_With_Textures.uasset" 95
"E:/UnrealProjects/HyperspacePanic/Content/_Main/Meshes/wrench/source/Wrench_With_Textures.uexp" 96
"E:/UnrealProjects/HyperspacePanic/Content/Mannequin/Character/Mesh/UE4_Mannequin_Skeleton.uasset" 97
"E:/UnrealProjects/HyperspacePanic/Content/Mannequin/Character/Mesh/UE4_Mannequin_Skeleton.uexp" 98
"E:/UnrealProjects/HyperspacePanic/Content/Mannequin/Animations/ThirdPersonWalk.uasset" 99
"E:/UnrealProjects/HyperspacePanic/Content/Mannequin/Animations/ThirdPersonWalk.uexp" 100
"E:/UnrealProjects/HyperspacePanic/Content/Mannequin/Animations/ThirdPersonRun.uasset" 101
"E:/UnrealProjects/HyperspacePanic/Content/Mannequin/Animations/ThirdPersonRun.uexp" 102
"E:/UnrealProjects/HyperspacePanic/Content/Mannequin/Animations/ThirdPersonIdle.uasset" 103
"E:/UnrealProjects/HyperspacePanic/Content/Mannequin/Animations/ThirdPersonIdle.uexp" 104
"E:/UnrealProjects/HyperspacePanic/Content/Mannequin/Animations/ThirdPerson_IdleRun_2D.uasset" 105
"E:/UnrealProjects/HyperspacePanic/Content/Mannequin/Animations/ThirdPerson_IdleRun_2D.uexp" 106
"E:/UnrealProjects/HyperspacePanic/Content/Mannequin/Animations/ThirdPerson_Jump.uasset" 107
"E:/UnrealProjects/HyperspacePanic/Content/Mannequin/Animations/ThirdPerson_Jump.uexp" 108
"E:/UnrealProjects/HyperspacePanic/Content/Mannequin/Animations/ThirdPersonJump_Start.uasset" 109
"E:/UnrealProjects/HyperspacePanic/Content/Mannequin/Animations/ThirdPersonJump_Start.uexp" 110
"E:/UnrealProjects/HyperspacePanic/Content/Mannequin/Animations/ThirdPersonJump_Loop.uasset" 111
"E:/UnrealProjects/HyperspacePanic/Content/Mannequin/Animations/ThirdPersonJump_Loop.uexp" 112
"../../../Engine/Content/Animation/DefaultAnimCurveCompressionSettings.uasset" 113
"../../../Engine/Content/Animation/DefaultAnimCurveCompressionSettings.uexp" 114
"../../../Engine/Content/Animation/DefaultRecorderBoneCompression.uasset" 115
"../../../Engine/Content/Animation/DefaultRecorderBoneCompression.uexp" 116
"E:/UnrealProjects/HyperspacePanic/Content/HyperspacePanicAssets/SwingWrench_Anim.uasset" 117
"E:/UnrealProjects/HyperspacePanic/Content/HyperspacePanicAssets/SwingWrench_Anim.uexp" 118
"../../../Engine/Content/EditorBlueprintResources/StandardMacros.uasset" 119
"../../../Engine/Content/EditorBlueprintResources/StandardMacros.uexp" 120
"E:/UnrealProjects/HyperspacePanic/Content/Mannequin/Animations/ThirdPerson_AnimBP.uasset" 121
"E:/UnrealProjects/HyperspacePanic/Content/Mannequin/Animations/ThirdPerson_AnimBP.uexp" 122
"E:/UnrealProjects/HyperspacePanic/Content/Mannequin/Character/Mesh/SK_Mannequin_PhysicsAsset.uasset" 123
"E:/UnrealProjects/HyperspacePanic/Content/Mannequin/Character/Mesh/SK_Mannequin_PhysicsAsset.uexp" 124
"E:/UnrealProjects/HyperspacePanic/Content/Mannequin/Character/Textures/T_UE4Logo_N.uasset" 125
"E:/UnrealProjects/HyperspacePanic/Content/Mannequin/Character/Textures/T_UE4Logo_N.uexp" 126
"E:/UnrealProjects/HyperspacePanic/Content/Mannequin/Character/Textures/T_UE4Logo_N.ubulk" 127
"E:/UnrealProjects/HyperspacePanic/Content/Mannequin/Character/Textures/T_UE4Logo_Mask.uasset" 128
"E:/UnrealProjects/HyperspacePanic/Content/Mannequin/Character/Textures/T_UE4Logo_Mask.uexp" 129
"E:/UnrealProjects/HyperspacePanic/Content/Mannequin/Character/Textures/T_UE4Logo_Mask.ubulk" 130
"E:/UnrealProjects/HyperspacePanic/Content/Mannequin/Character/Textures/T_Male_N.uasset" 131
"E:/UnrealProjects/HyperspacePanic/Content/Mannequin/Character/Textures/T_Male_N.uexp" 132
"E:/UnrealProjects/HyperspacePanic/Content/Mannequin/Character/Textures/T_Male_N.ubulk" 133
"E:/UnrealProjects/HyperspacePanic/Content/Mannequin/Character/Textures/T_Male_Mask.uasset" 134
"E:/UnrealProjects/HyperspacePanic/Content/Mannequin/Character/Textures/T_Male_Mask.uexp" 135
"E:/UnrealProjects/HyperspacePanic/Content/Mannequin/Character/Textures/T_Male_Mask.ubulk" 136
"E:/UnrealProjects/HyperspacePanic/Content/Mannequin/Character/Materials/MaterialLayers/T_ML_Rubber_Blue_01_N.uasset" 137
"E:/UnrealProjects/HyperspacePanic/Content/Mannequin/Character/Materials/MaterialLayers/T_ML_Rubber_Blue_01_N.uexp" 138
"E:/UnrealProjects/HyperspacePanic/Content/Mannequin/Character/Materials/MaterialLayers/T_ML_Rubber_Blue_01_N.ubulk" 139
"E:/UnrealProjects/HyperspacePanic/Content/Mannequin/Character/Materials/MaterialLayers/T_ML_Rubber_Blue_01_D.uasset" 140
"E:/UnrealProjects/HyperspacePanic/Content/Mannequin/Character/Materials/MaterialLayers/T_ML_Rubber_Blue_01_D.uexp" 141
"E:/UnrealProjects/HyperspacePanic/Content/Mannequin/Character/Materials/MaterialLayers/T_ML_Rubber_Blue_01_D.ubulk" 142
"E:/UnrealProjects/HyperspacePanic/Content/Mannequin/Character/Materials/MaterialLayers/T_ML_Aluminum01_N.uasset" 143
"E:/UnrealProjects/HyperspacePanic/Content/Mannequin/Character/Materials/MaterialLayers/T_ML_Aluminum01_N.uexp" 144
"E:/UnrealProjects/HyperspacePanic/Content/Mannequin/Character/Materials/MaterialLayers/T_ML_Aluminum01_N.ubulk" 145
"E:/UnrealProjects/HyperspacePanic/Content/Mannequin/Character/Materials/MaterialLayers/T_ML_Aluminum01.uasset" 146
"E:/UnrealProjects/HyperspacePanic/Content/Mannequin/Character/Materials/MaterialLayers/T_ML_Aluminum01.uexp" 147
"E:/UnrealProjects/HyperspacePanic/Content/Mannequin/Character/Materials/MaterialLayers/T_ML_Aluminum01.ubulk" 148
"E:/UnrealProjects/HyperspacePanic/Content/Mannequin/Character/Materials/MaterialLayers/ML_SoftMetal_UE4.uasset" 149
"E:/UnrealProjects/HyperspacePanic/Content/Mannequin/Character/Materials/MaterialLayers/ML_SoftMetal_UE4.uexp" 150
"E:/UnrealProjects/HyperspacePanic/Content/Mannequin/Character/Materials/MaterialLayers/ML_Plastic_Shiny_Beige_LOGO.uasset" 151
"E:/UnrealProjects/HyperspacePanic/Content/Mannequin/Character/Materials/MaterialLayers/ML_Plastic_Shiny_Beige_LOGO.uexp" 152
"E:/UnrealProjects/HyperspacePanic/Content/Mannequin/Character/Materials/MaterialLayers/ML_Plastic_Shiny_Beige.uasset" 153
"E:/UnrealProjects/HyperspacePanic/Content/Mannequin/Character/Materials/MaterialLayers/ML_Plastic_Shiny_Beige.uexp" 154
"E:/UnrealProjects/HyperspacePanic/Content/Mannequin/Character/Materials/MaterialLayers/ML_GlossyBlack_Latex_UE4.uasset" 155
"E:/UnrealProjects/HyperspacePanic/Content/Mannequin/Character/Materials/MaterialLayers/ML_GlossyBlack_Latex_UE4.uexp" 156
"../../../Engine/Content/Functions/MaterialLayerFunctions/MatLayerBlend_Simple.uasset" 157
"../../../Engine/Content/Functions/MaterialLayerFunctions/MatLayerBlend_Simple.uexp" 158
"../../../Engine/Content/Functions/Engine_MaterialFunctions02/Utility/BlendAngleCorrectedNormals.uasset" 159
"../../../Engine/Content/Functions/Engine_MaterialFunctions02/Utility/BlendAngleCorrectedNormals.uexp" 160
"../../../Engine/Content/Functions/MaterialLayerFunctions/MatLayerBlend_NormalBlend.uasset" 161
"../../../Engine/Content/Functions/MaterialLayerFunctions/MatLayerBlend_NormalBlend.uexp" 162
"E:/UnrealProjects/HyperspacePanic/Content/Mannequin/Character/Materials/M_Male_Body.uasset" 163
"E:/UnrealProjects/HyperspacePanic/Content/Mannequin/Character/Materials/M_Male_Body.uexp" 164
"E:/UnrealProjects/HyperspacePanic/Content/Mannequin/Character/Materials/M_UE4Man_ChestLogo.uasset" 165
"E:/UnrealProjects/HyperspacePanic/Content/Mannequin/Character/Materials/M_UE4Man_ChestLogo.uexp" 166
"E:/UnrealProjects/HyperspacePanic/Content/Mannequin/Character/Mesh/SK_Mannequin.uasset" 167
"E:/UnrealProjects/HyperspacePanic/Content/Mannequin/Character/Mesh/SK_Mannequin.uexp" 168
"E:/UnrealProjects/HyperspacePanic/Content/Blueprints/Platforming/BPI_Platforming.uasset" 169
"E:/UnrealProjects/HyperspacePanic/Content/Blueprints/Platforming/BPI_Platforming.uexp" 170
"E:/UnrealProjects/HyperspacePanic/Content/ThirdPersonBP/Blueprints/ThirdPersonCharacter.uasset" 171
"E:/UnrealProjects/HyperspacePanic/Content/ThirdPersonBP/Blueprints/ThirdPersonCharacter.uexp" 172
"../../../Engine/Plugins/FX/Niagara/Content/Enums/ENiagaraScaleColorMode.uasset" 173
"../../../Engine/Plugins/FX/Niagara/Content/Enums/ENiagaraScaleColorMode.uexp" 174
"../../../Engine/Plugins/FX/Niagara/Content/Modules/Update/Color/ScaleColor.uasset" 175
"../../../Engine/Plugins/FX/Niagara/Content/Modules/Update/Color/ScaleColor.uexp" 176
"../../../Engine/Plugins/FX/Niagara/Content/Modules/Update/Forces/Drag.uasset" 177
"../../../Engine/Plugins/FX/Niagara/Content/Modules/Update/Forces/Drag.uexp" 178
"../../../Engine/Plugins/FX/Niagara/Content/Functions/Localspace/TransformBase.uasset" 179
"../../../Engine/Plugins/FX/Niagara/Content/Functions/Localspace/TransformBase.uexp" 180
"../../../Engine/Plugins/FX/Niagara/Content/Functions/Localspace/TransformVector.uasset" 181
"../../../Engine/Plugins/FX/Niagara/Content/Functions/Localspace/TransformVector.uexp" 182
"../../../Engine/Plugins/FX/Niagara/Content/Modules/Update/Forces/GravityForce.uasset" 183
"../../../Engine/Plugins/FX/Niagara/Content/Modules/Update/Forces/GravityForce.uexp" 184
"../../../Engine/Plugins/FX/Niagara/Content/Modules/Update/Lifetime/ParticleState.uasset" 185
"../../../Engine/Plugins/FX/Niagara/Content/Modules/Update/Lifetime/ParticleState.uexp" 186
"../../../Engine/Plugins/FX/Niagara/Content/Enums/ENiagara_ColorInitializationMode.uasset" 187
"../../../Engine/Plugins/FX/Niagara/Content/Enums/ENiagara_ColorInitializationMode.uexp" 188
"../../../Engine/Plugins/FX/Niagara/Content/Enums/ENiagara_EmitterStateOptions.uasset" 189
"../../../Engine/Plugins/FX/Niagara/Content/Enums/ENiagara_EmitterStateOptions.uexp" 190
"../../../Engine/Plugins/FX/Niagara/Content/Enums/ENiagara_InfiniteLoopDuration.uasset" 191
"../../../Engine/Plugins/FX/Niagara/Content/Enums/ENiagara_InfiniteLoopDuration.uexp" 192
"../../../Engine/Plugins/FX/Niagara/Content/Enums/ENiagara_LifetimeMode.uasset" 193
"../../../Engine/Plugins/FX/Niagara/Content/Enums/ENiagara_LifetimeMode.uexp" 194
"../../../Engine/Plugins/FX/Niagara/Content/Enums/ENiagara_MassInitializationMode.uasset" 195
"../../../Engine/Plugins/FX/Niagara/Content/Enums/ENiagara_MassInitializationMode.uexp" 196
"../../../Engine/Plugins/FX/Niagara/Content/Enums/ENiagara_PositionInitializationMode.uasset" 197
"../../../Engine/Plugins/FX/Niagara/Content/Enums/ENiagara_PositionInitializationMode.uexp" 198
"../../../Engine/Plugins/FX/Niagara/Content/Enums/ENiagara_SizeScaleMode.uasset" 199
"../../../Engine/Plugins/FX/Niagara/Content/Enums/ENiagara_SizeScaleMode.uexp" 200
"../../../Engine/Plugins/FX/Niagara/Content/Enums/ENiagara_SpriteRotationMode.uasset" 201
"../../../Engine/Plugins/FX/Niagara/Content/Enums/ENiagara_SpriteRotationMode.uexp" 202
"../../../Engine/Plugins/FX/Niagara/Content/Enums/ENiagara_UVFlippingMode.uasset" 203
"../../../Engine/Plugins/FX/Niagara/Content/Enums/ENiagara_UVFlippingMode.uexp" 204
"../../../Engine/Plugins/FX/Niagara/Content/Enums/ENiagaraChannelCorrelation.uasset" 205
"../../../Engine/Plugins/FX/Niagara/Content/Enums/ENiagaraChannelCorrelation.uexp" 206
"../../../Engine/Plugins/FX/Niagara/Content/Enums/ENiagaraEmitterLifeCycleMode.uasset" 207
"../../../Engine/Plugins/FX/Niagara/Content/Enums/ENiagaraEmitterLifeCycleMode.uexp" 208
"../../../Engine/Plugins/FX/Niagara/Content/Enums/ENiagaraEmitterScalabilityMode_Limited.uasset" 209
"../../../Engine/Plugins/FX/Niagara/Content/Enums/ENiagaraEmitterScalabilityMode_Limited.uexp" 210
"../../../Engine/Plugins/FX/Niagara/Content/Enums/ENiagaraInactiveMode.uasset" 211
"../../../Engine/Plugins/FX/Niagara/Content/Enums/ENiagaraInactiveMode.uexp" 212
"../../../Engine/Plugins/FX/Niagara/Content/Enums/ENiagaraRandomnessEvaluation.uasset" 213
"../../../Engine/Plugins/FX/Niagara/Content/Enums/ENiagaraRandomnessEvaluation.uexp" 214
"../../../Engine/Plugins/FX/Niagara/Content/Enums/ENiagaraRandomnessMode.uasset" 215
"../../../Engine/Plugins/FX/Niagara/Content/Enums/ENiagaraRandomnessMode.uexp" 216
"../../../Engine/Plugins/FX/Niagara/Content/Enums/Ribbons/ENiagara_UnsetDirectSetRandom.uasset" 217
"../../../Engine/Plugins/FX/Niagara/Content/Enums/Ribbons/ENiagara_UnsetDirectSetRandom.uexp" 218
"../../../Engine/Plugins/FX/Niagara/Content/Enums/ENiagaraExpansionMode.uasset" 219
"../../../Engine/Plugins/FX/Niagara/Content/Enums/ENiagaraExpansionMode.uexp" 220
"../../../Engine/Plugins/FX/Niagara/Content/Functions/GetRandomInfo.uasset" 221
"../../../Engine/Plugins/FX/Niagara/Content/Functions/GetRandomInfo.uexp" 222
"../../../Engine/Plugins/FX/Niagara/Content/Functions/RandomRangeFloat.uasset" 223
"../../../Engine/Plugins/FX/Niagara/Content/Functions/RandomRangeFloat.uexp" 224
"../../../Engine/Plugins/FX/Niagara/Content/Modules/Emitter/SpawnRate.uasset" 225
"../../../Engine/Plugins/FX/Niagara/Content/Modules/Emitter/SpawnRate.uexp" 226
"../../../Engine/Plugins/FX/Niagara/Content/Functions/V2/CalculateRandomRange.uasset" 227
"../../../Engine/Plugins/FX/Niagara/Content/Functions/V2/CalculateRandomRange.uexp" 228
"../../../Engine/Plugins/FX/Niagara/Content/Functions/V2/CalculateRandomPointInSphere.uasset" 229
"../../../Engine/Plugins/FX/Niagara/Content/Functions/V2/CalculateRandomPointInSphere.uexp" 230
"../../../Engine/Plugins/FX/Niagara/Content/Functions/SphericalToCartesianCoordinates.uasset" 231
"../../../Engine/Plugins/FX/Niagara/Content/Functions/SphericalToCartesianCoordinates.uexp" 232
"../../../Engine/Plugins/FX/Niagara/Content/Functions/Rotation/MultiplyVectorWithQuaternion.uasset" 233
"../../../Engine/Plugins/FX/Niagara/Content/Functions/Rotation/MultiplyVectorWithQuaternion.uexp" 234
"../../../Engine/Plugins/FX/Niagara/Content/Functions/DirectionAndLengthSafe.uasset" 235
"../../../Engine/Plugins/FX/Niagara/Content/Functions/DirectionAndLengthSafe.uexp" 236
"../../../Engine/Plugins/FX/Niagara/Content/Functions/Rotation/FindQuatBetween.uasset" 237
"../../../Engine/Plugins/FX/Niagara/Content/Functions/Rotation/FindQuatBetween.uexp" 238
"../../../Engine/Plugins/FX/Niagara/Content/Functions/Localspace/SimulationPosition.uasset" 239
"../../../Engine/Plugins/FX/Niagara/Content/Functions/Localspace/SimulationPosition.uexp" 240
"../../../Engine/Plugins/FX/Niagara/Content/Enums/ENiagaraSphereDistributionMode.uasset" 241
"../../../Engine/Plugins/FX/Niagara/Content/Enums/ENiagaraSphereDistributionMode.uexp" 242
"../../../Engine/Plugins/FX/Niagara/Content/Modules/Spawn/Location/V2/SphereLocation.uasset" 243
"../../../Engine/Plugins/FX/Niagara/Content/Modules/Spawn/Location/V2/SphereLocation.uexp" 244
"../../../Engine/Plugins/FX/Niagara/Content/Functions/Emitter/EmitterChangeState.uasset" 245
"../../../Engine/Plugins/FX/Niagara/Content/Functions/Emitter/EmitterChangeState.uexp" 246
"../../../Engine/Plugins/FX/Niagara/Content/Enums/ENiagaraExecutionStateManagement.uasset" 247
"../../../Engine/Plugins/FX/Niagara/Content/Enums/ENiagaraExecutionStateManagement.uexp" 248
"../../../Engine/Plugins/FX/Niagara/Content/Modules/Emitter/EmitterState.uasset" 249
"../../../Engine/Plugins/FX/Niagara/Content/Modules/Emitter/EmitterState.uexp" 250
"../../../Engine/Plugins/FX/Niagara/Content/DynamicInputs/ValueFromCurve/FloatFromCurve.uasset" 251
"../../../Engine/Plugins/FX/Niagara/Content/DynamicInputs/ValueFromCurve/FloatFromCurve.uexp" 252
"../../../Engine/Plugins/FX/Niagara/Content/Functions/V2/CalculateRandomRangeFloat.uasset" 253
"../../../Engine/Plugins/FX/Niagara/Content/Functions/V2/CalculateRandomRangeFloat.uexp" 254
"../../../Engine/Plugins/FX/Niagara/Content/DynamicInputs/UniformRange/V2/RandomRangeFloat.uasset" 255
"../../../Engine/Plugins/FX/Niagara/Content/DynamicInputs/UniformRange/V2/RandomRangeFloat.uexp" 256
"../../../Engine/Plugins/FX/Niagara/Content/DefaultAssets/DefaultSpriteMaterial.uasset" 257
"../../../Engine/Plugins/FX/Niagara/Content/DefaultAssets/DefaultSpriteMaterial.uexp" 258
"../../../Engine/Plugins/FX/Niagara/Content/Modules/Solvers/SolveForcesAndVelocity.uasset" 259
"../../../Engine/Plugins/FX/Niagara/Content/Modules/Solvers/SolveForcesAndVelocity.uexp" 260
"../../../Engine/Plugins/FX/Niagara/Content/Functions/V2/CalculateRandomRangeInteger.uasset" 261
"../../../Engine/Plugins/FX/Niagara/Content/Functions/V2/CalculateRandomRangeInteger.uexp" 262
"../../../Engine/Plugins/FX/Niagara/Content/Functions/V2/CalculateRandomBool.uasset" 263
"../../../Engine/Plugins/FX/Niagara/Content/Functions/V2/CalculateRandomBool.uexp" 264
"../../../Engine/Plugins/FX/Niagara/Content/Functions/LinearColor/HueShiftLinearColor.uasset" 265
"../../../Engine/Plugins/FX/Niagara/Content/Functions/LinearColor/HueShiftLinearColor.uexp" 266
"../../../Engine/Plugins/FX/Niagara/Content/Modules/Spawn/Initialization/V2/InitializeParticle.uasset" 267
"../../../Engine/Plugins/FX/Niagara/Content/Modules/Spawn/Initialization/V2/InitializeParticle.uexp" 268
"../../../Engine/Plugins/FX/Niagara/Content/Functions/Math/RemapValueRange.uasset" 269
"../../../Engine/Plugins/FX/Niagara/Content/Functions/Math/RemapValueRange.uexp" 270
"../../../Engine/Plugins/FX/Niagara/Content/Functions/PolarToCartesianCoordinates.uasset" 271
"../../../Engine/Plugins/FX/Niagara/Content/Functions/PolarToCartesianCoordinates.uexp" 272
"../../../Engine/Plugins/FX/Niagara/Content/Functions/RandomVectorInCone.uasset" 273
"../../../Engine/Plugins/FX/Niagara/Content/Functions/RandomVectorInCone.uexp" 274
"../../../Engine/Plugins/FX/Niagara/Content/Modules/Spawn/Velocity/AddVelocityInCone.uasset" 275
"../../../Engine/Plugins/FX/Niagara/Content/Modules/Spawn/Velocity/AddVelocityInCone.uexp" 276
"../../../Engine/Plugins/FX/Niagara/Content/Enums/ENiagaraSystemInactiveMode.uasset" 277
"../../../Engine/Plugins/FX/Niagara/Content/Enums/ENiagaraSystemInactiveMode.uexp" 278
"../../../Engine/Plugins/FX/Niagara/Content/Functions/System/SystemChangeState.uasset" 279
"../../../Engine/Plugins/FX/Niagara/Content/Functions/System/SystemChangeState.uexp" 280
"../../../Engine/Plugins/FX/Niagara/Content/Modules/System/SystemState.uasset" 281
"../../../Engine/Plugins/FX/Niagara/Content/Modules/System/SystemState.uexp" 282
"E:/UnrealProjects/HyperspacePanic/Content/NS_Pipes.uasset" 283
"E:/UnrealProjects/HyperspacePanic/Content/NS_Pipes.uexp" 284
"E:/UnrealProjects/HyperspacePanic/Content/Blockout/Materials/MI_LDGrid_Local_Red.uasset" 285
"E:/UnrealProjects/HyperspacePanic/Content/Blockout/Materials/MI_LDGrid_Local_Red.uexp" 286
"E:/UnrealProjects/HyperspacePanic/Content/Blueprints/Platforming/BP_BurstPipe.uasset" 287
"E:/UnrealProjects/HyperspacePanic/Content/Blueprints/Platforming/BP_BurstPipe.uexp" 288
"E:/UnrealProjects/HyperspacePanic/Content/Geometry/Meshes/CubeMaterial.uasset" 289
"E:/UnrealProjects/HyperspacePanic/Content/Geometry/Meshes/CubeMaterial.uexp" 290
"E:/UnrealProjects/HyperspacePanic/Content/Geometry/Meshes/1M_Cube.uasset" 291
"E:/UnrealProjects/HyperspacePanic/Content/Geometry/Meshes/1M_Cube.uexp" 292
"E:/UnrealProjects/HyperspacePanic/Content/Geometry/Meshes/1M_Cube_Chamfer.uasset" 293
"E:/UnrealProjects/HyperspacePanic/Content/Geometry/Meshes/1M_Cube_Chamfer.uexp" 294
"E:/UnrealProjects/HyperspacePanic/Content/Geometry/Meshes/TemplateFloor.uasset" 295
"E:/UnrealProjects/HyperspacePanic/Content/Geometry/Meshes/TemplateFloor.uexp" 296
"E:/UnrealProjects/HyperspacePanic/Content/Mannequin/Animations/ThirdPersonJump_End.uasset" 297
"E:/UnrealProjects/HyperspacePanic/Content/Mannequin/Animations/ThirdPersonJump_End.uexp" 298
"E:/UnrealProjects/HyperspacePanic/Content/Mannequin/Character/Mesh/SK_Mannequin_Female_PhysicsAsset.uasset" 299
"E:/UnrealProjects/HyperspacePanic/Content/Mannequin/Character/Mesh/SK_Mannequin_Female_PhysicsAsset.uexp" 300
"E:/UnrealProjects/HyperspacePanic/Content/Mannequin/Character/Textures/T_Female_N.uasset" 301
"E:/UnrealProjects/HyperspacePanic/Content/Mannequin/Character/Textures/T_Female_N.uexp" 302
"E:/UnrealProjects/HyperspacePanic/Content/Mannequin/Character/Textures/T_Female_N.ubulk" 303
"E:/UnrealProjects/HyperspacePanic/Content/Mannequin/Character/Textures/T_Female_Mask.uasset" 304
"E:/UnrealProjects/HyperspacePanic/Content/Mannequin/Character/Textures/T_Female_Mask.uexp" 305
"E:/UnrealProjects/HyperspacePanic/Content/Mannequin/Character/Textures/T_Female_Mask.ubulk" 306
"E:/UnrealProjects/HyperspacePanic/Content/Mannequin/Character/Materials/MI_Female_Body.uasset" 307
"E:/UnrealProjects/HyperspacePanic/Content/Mannequin/Character/Materials/MI_Female_Body.uexp" 308
"E:/UnrealProjects/HyperspacePanic/Content/Mannequin/Character/Mesh/SK_Mannequin_Female.uasset" 309
"E:/UnrealProjects/HyperspacePanic/Content/Mannequin/Character/Mesh/SK_Mannequin_Female.uexp" 310
"../../../Engine/Content/EngineMeshes/Humanoid.uasset" 311
"../../../Engine/Content/EngineMeshes/Humanoid.uexp" 312
"E:/UnrealProjects/HyperspacePanic/Content/LedgeAnimationSet/Characters/Mannequin/Mesh/UE4_Mannequin_Skeleton.uasset" 313
"E:/UnrealProjects/HyperspacePanic/Content/LedgeAnimationSet/Characters/Mannequin/Mesh/UE4_Mannequin_Skeleton.uexp" 314
"E:/UnrealProjects/HyperspacePanic/Content/LedgeAnimationSet/Characters/Mannequin/Mesh/SK_Mannequin_PhysicsAsset.uasset" 315
"E:/UnrealProjects/HyperspacePanic/Content/LedgeAnimationSet/Characters/Mannequin/Mesh/SK_Mannequin_PhysicsAsset.uexp" 316
"E:/UnrealProjects/HyperspacePanic/Content/LedgeAnimationSet/Characters/Mannequin/Textures/UE4Man_Logo_N.uasset" 317
"E:/UnrealProjects/HyperspacePanic/Content/LedgeAnimationSet/Characters/Mannequin/Textures/UE4Man_Logo_N.uexp" 318
"E:/UnrealProjects/HyperspacePanic/Content/LedgeAnimationSet/Characters/Mannequin/Textures/UE4Man_Logo_N.ubulk" 319
"E:/UnrealProjects/HyperspacePanic/Content/LedgeAnimationSet/Characters/Mannequin/Textures/UE4_Mannequin_MAT_MASKA.uasset" 320
"E:/UnrealProjects/HyperspacePanic/Content/LedgeAnimationSet/Characters/Mannequin/Textures/UE4_Mannequin_MAT_MASKA.uexp" 321
"E:/UnrealProjects/HyperspacePanic/Content/LedgeAnimationSet/Characters/Mannequin/Textures/UE4_Mannequin_MAT_MASKA.ubulk" 322
"E:/UnrealProjects/HyperspacePanic/Content/LedgeAnimationSet/Characters/Mannequin/Textures/UE4_Mannequin__normals.uasset" 323
"E:/UnrealProjects/HyperspacePanic/Content/LedgeAnimationSet/Characters/Mannequin/Textures/UE4_Mannequin__normals.uexp" 324
"E:/UnrealProjects/HyperspacePanic/Content/LedgeAnimationSet/Characters/Mannequin/Textures/UE4_Mannequin__normals.ubulk" 325
"E:/UnrealProjects/HyperspacePanic/Content/LedgeAnimationSet/Characters/Mannequin/Materials/MaterialLayers/T_ML_Aluminum01_N.uasset" 326
"E:/UnrealProjects/HyperspacePanic/Content/LedgeAnimationSet/Characters/Mannequin/Materials/MaterialLayers/T_ML_Aluminum01_N.uexp" 327
"E:/UnrealProjects/HyperspacePanic/Content/LedgeAnimationSet/Characters/Mannequin/Materials/MaterialLayers/T_ML_Aluminum01_N.ubulk" 328
"E:/UnrealProjects/HyperspacePanic/Content/LedgeAnimationSet/Characters/Mannequin/Materials/MaterialLayers/T_ML_Aluminum01.uasset" 329
"E:/UnrealProjects/HyperspacePanic/Content/LedgeAnimationSet/Characters/Mannequin/Materials/MaterialLayers/T_ML_Aluminum01.uexp" 330
"E:/UnrealProjects/HyperspacePanic/Content/LedgeAnimationSet/Characters/Mannequin/Materials/MaterialLayers/T_ML_Aluminum01.ubulk" 331
"E:/UnrealProjects/HyperspacePanic/Content/LedgeAnimationSet/Characters/Mannequin/Materials/MaterialLayers/ML_SoftMetal_UE4.uasset" 332
"E:/UnrealProjects/HyperspacePanic/Content/LedgeAnimationSet/Characters/Mannequin/Materials/MaterialLayers/ML_SoftMetal_UE4.uexp" 333
"E:/UnrealProjects/HyperspacePanic/Content/LedgeAnimationSet/Characters/Mannequin/Textures/UE4_LOGO_CARD.uasset" 334
"E:/UnrealProjects/HyperspacePanic/Content/LedgeAnimationSet/Characters/Mannequin/Textures/UE4_LOGO_CARD.uexp" 335
"E:/UnrealProjects/HyperspacePanic/Content/LedgeAnimationSet/Characters/Mannequin/Textures/UE4_LOGO_CARD.ubulk" 336
"E:/UnrealProjects/HyperspacePanic/Content/LedgeAnimationSet/Characters/Mannequin/Materials/MaterialLayers/ML_Plastic_Shiny_Beige_LOGO.uasset" 337
"E:/UnrealProjects/HyperspacePanic/Content/LedgeAnimationSet/Characters/Mannequin/Materials/MaterialLayers/ML_Plastic_Shiny_Beige_LOGO.uexp" 338
"E:/UnrealProjects/HyperspacePanic/Content/LedgeAnimationSet/Characters/Mannequin/Materials/MaterialLayers/ML_Plastic_Shiny_Beige.uasset" 339
"E:/UnrealProjects/HyperspacePanic/Content/LedgeAnimationSet/Characters/Mannequin/Materials/MaterialLayers/ML_Plastic_Shiny_Beige.uexp" 340
"E:/UnrealProjects/HyperspacePanic/Content/LedgeAnimationSet/Characters/Mannequin/Materials/MaterialLayers/T_ML_Rubber_Blue_01_N.uasset" 341
"E:/UnrealProjects/HyperspacePanic/Content/LedgeAnimationSet/Characters/Mannequin/Materials/MaterialLayers/T_ML_Rubber_Blue_01_N.uexp" 342
"E:/UnrealProjects/HyperspacePanic/Content/LedgeAnimationSet/Characters/Mannequin/Materials/MaterialLayers/T_ML_Rubber_Blue_01_N.ubulk" 343
"E:/UnrealProjects/HyperspacePanic/Content/LedgeAnimationSet/Characters/Mannequin/Materials/MaterialLayers/T_ML_Rubber_Blue_01_D.uasset" 344
"E:/UnrealProjects/HyperspacePanic/Content/LedgeAnimationSet/Characters/Mannequin/Materials/MaterialLayers/T_ML_Rubber_Blue_01_D.uexp" 345
"E:/UnrealProjects/HyperspacePanic/Content/LedgeAnimationSet/Characters/Mannequin/Materials/MaterialLayers/T_ML_Rubber_Blue_01_D.ubulk" 346
"E:/UnrealProjects/HyperspacePanic/Content/LedgeAnimationSet/Characters/Mannequin/Materials/MaterialLayers/ML_GlossyBlack_Latex_UE4.uasset" 347
"E:/UnrealProjects/HyperspacePanic/Content/LedgeAnimationSet/Characters/Mannequin/Materials/MaterialLayers/ML_GlossyBlack_Latex_UE4.uexp" 348
"E:/UnrealProjects/HyperspacePanic/Content/LedgeAnimationSet/Characters/Mannequin/Materials/M_UE4Man_Body.uasset" 349
"E:/UnrealProjects/HyperspacePanic/Content/LedgeAnimationSet/Characters/Mannequin/Materials/M_UE4Man_Body.uexp" 350
"E:/UnrealProjects/HyperspacePanic/Content/LedgeAnimationSet/Characters/Mannequin/Materials/M_UE4Man_ChestLogo.uasset" 351
"E:/UnrealProjects/HyperspacePanic/Content/LedgeAnimationSet/Characters/Mannequin/Materials/M_UE4Man_ChestLogo.uexp" 352
"E:/UnrealProjects/HyperspacePanic/Content/LedgeAnimationSet/Characters/Mannequin/Mesh/SK_Mannequin.uasset" 353
"E:/UnrealProjects/HyperspacePanic/Content/LedgeAnimationSet/Characters/Mannequin/Mesh/SK_Mannequin.uexp" 354
"E:/UnrealProjects/HyperspacePanic/Content/_Main/Blueprints/BP_HPCharacter.uasset" 355
"E:/UnrealProjects/HyperspacePanic/Content/_Main/Blueprints/BP_HPCharacter.uexp" 356
"E:/UnrealProjects/HyperspacePanic/Content/_Main/Blueprints/BP_HyperspacePanicGameModeBase.uasset" 357
"E:/UnrealProjects/HyperspacePanic/Content/_Main/Blueprints/BP_HyperspacePanicGameModeBase.uexp" 358
"../../../Engine/Content/BasicShapes/Sphere.uasset" 359
"../../../Engine/Content/BasicShapes/Sphere.uexp" 360
"E:/UnrealProjects/HyperspacePanic/Content/_Main/Blueprints/BP_LDCharacter.uasset" 361
"E:/UnrealProjects/HyperspacePanic/Content/_Main/Blueprints/BP_LDCharacter.uexp" 362
"E:/UnrealProjects/HyperspacePanic/Content/_Main/Meshes/wrench/source/framed-square-metal-pattern1-bl/framed-square-metal-pattern1-bl/framed-square-metal-pattern1-albedo.uasset" 363
"E:/UnrealProjects/HyperspacePanic/Content/_Main/Meshes/wrench/source/framed-square-metal-pattern1-bl/framed-square-metal-pattern1-bl/framed-square-metal-pattern1-albedo.uexp" 364
"E:/UnrealProjects/HyperspacePanic/Content/_Main/Meshes/wrench/source/framed-square-metal-pattern1-bl/framed-square-metal-pattern1-bl/framed-square-metal-pattern1-albedo.ubulk" 365
"E:/UnrealProjects/HyperspacePanic/Content/_Main/Meshes/wrench/source/framed-square-metal-pattern1-bl/framed-square-metal-pattern1-bl/framed-square-metal-pattern1-height.uasset" 366
"E:/UnrealProjects/HyperspacePanic/Content/_Main/Meshes/wrench/source/framed-square-metal-pattern1-bl/framed-square-metal-pattern1-bl/framed-square-metal-pattern1-height.uexp" 367
"E:/UnrealProjects/HyperspacePanic/Content/_Main/Meshes/wrench/source/framed-square-metal-pattern1-bl/framed-square-metal-pattern1-bl/framed-square-metal-pattern1-height.ubulk" 368
"E:/UnrealProjects/HyperspacePanic/Content/_Main/Meshes/wrench/source/framed-square-metal-pattern1-bl/framed-square-metal-pattern1-bl/framed-square-metal-pattern1-metallic.uasset" 369
"E:/UnrealProjects/HyperspacePanic/Content/_Main/Meshes/wrench/source/framed-square-metal-pattern1-bl/framed-square-metal-pattern1-bl/framed-square-metal-pattern1-metallic.uexp" 370
"E:/UnrealProjects/HyperspacePanic/Content/_Main/Meshes/wrench/source/framed-square-metal-pattern1-bl/framed-square-metal-pattern1-bl/framed-square-metal-pattern1-metallic.ubulk" 371
"E:/UnrealProjects/HyperspacePanic/Content/_Main/Meshes/wrench/source/framed-square-metal-pattern1-bl/framed-square-metal-pattern1-bl/framed-square-metal-pattern1-normal-ogl.uasset" 372
"E:/UnrealProjects/HyperspacePanic/Content/_Main/Meshes/wrench/source/framed-square-metal-pattern1-bl/framed-square-metal-pattern1-bl/framed-square-metal-pattern1-normal-ogl.uexp" 373
"E:/UnrealProjects/HyperspacePanic/Content/_Main/Meshes/wrench/source/framed-square-metal-pattern1-bl/framed-square-metal-pattern1-bl/framed-square-metal-pattern1-normal-ogl.ubulk" 374
"E:/UnrealProjects/HyperspacePanic/Content/_Main/Meshes/wrench/source/framed-square-metal-pattern1-bl/framed-square-metal-pattern1-bl/framed-square-metal-pattern1-preview.uasset" 375
"E:/UnrealProjects/HyperspacePanic/Content/_Main/Meshes/wrench/source/framed-square-metal-pattern1-bl/framed-square-metal-pattern1-bl/framed-square-metal-pattern1-preview.uexp" 376
"E:/UnrealProjects/HyperspacePanic/Content/_Main/Meshes/wrench/source/framed-square-metal-pattern1-bl/framed-square-metal-pattern1-bl/framed-square-metal-pattern1-roughness.uasset" 377
"E:/UnrealProjects/HyperspacePanic/Content/_Main/Meshes/wrench/source/framed-square-metal-pattern1-bl/framed-square-metal-pattern1-bl/framed-square-metal-pattern1-roughness.uexp" 378
"E:/UnrealProjects/HyperspacePanic/Content/_Main/Meshes/wrench/source/framed-square-metal-pattern1-bl/framed-square-metal-pattern1-bl/framed-square-metal-pattern1-roughness.ubulk" 379
"E:/UnrealProjects/HyperspacePanic/Content/_Main/Meshes/wrench/textures/framed-square-metal-pattern1-albedo.uasset" 380
"E:/UnrealProjects/HyperspacePanic/Content/_Main/Meshes/wrench/textures/framed-square-metal-pattern1-albedo.uexp" 381
"E:/UnrealProjects/HyperspacePanic/Content/_Main/Meshes/wrench/textures/framed-square-metal-pattern1-albedo.ubulk" 382
"E:/UnrealProjects/HyperspacePanic/Content/_Main/Meshes/wrench/textures/framed-square-metal-pattern1-normal-ogl.uasset" 383
"E:/UnrealProjects/HyperspacePanic/Content/_Main/Meshes/wrench/textures/framed-square-metal-pattern1-normal-ogl.uexp" 384
"E:/UnrealProjects/HyperspacePanic/Content/_Main/Meshes/wrench/textures/framed-square-metal-pattern1-normal-ogl.ubulk" 385
"E:/UnrealProjects/HyperspacePanic/Content/_Main/Meshes/wrench/textures/framed-square-metal-pattern1-preview.uasset" 386
"E:/UnrealProjects/HyperspacePanic/Content/_Main/Meshes/wrench/textures/framed-square-metal-pattern1-preview.uexp" 387
"E:/UnrealProjects/HyperspacePanic/Content/_Main/Meshes/wrench/textures/framed-square-metal-pattern1-roughness.uasset" 388
"E:/UnrealProjects/HyperspacePanic/Content/_Main/Meshes/wrench/textures/framed-square-metal-pattern1-roughness.uexp" 389
"E:/UnrealProjects/HyperspacePanic/Content/_Main/Meshes/wrench/textures/framed-square-metal-pattern1-roughness.ubulk" 390
"../../../Engine/Content/Animation/DefaultAnimBoneCompressionSettings.uasset" 391
"../../../Engine/Content/Animation/DefaultAnimBoneCompressionSettings.uexp" 392
"../../../Engine/Content/ArtTools/RenderToTexture/Meshes/S_1_Unit_Plane.uasset" 393
"../../../Engine/Content/ArtTools/RenderToTexture/Meshes/S_1_Unit_Plane.uexp" 394
"../../../Engine/Content/BasicShapes/Cone.uasset" 395
"../../../Engine/Content/BasicShapes/Cone.uexp" 396
"../../../Engine/Content/BasicShapes/Plane.uasset" 397
"../../../Engine/Content/BasicShapes/Plane.uexp" 398
"../../../Engine/Content/EditorLandscapeResources/DataLayer.uasset" 399
"../../../Engine/Content/EditorLandscapeResources/DataLayer.uexp" 400
"../../../Engine/Content/EditorLandscapeResources/DefaultAlphaTexture.uasset" 401
"../../../Engine/Content/EditorLandscapeResources/DefaultAlphaTexture.uexp" 402
"../../../Engine/Content/EditorMaterials/MAT_Groups_Toggle.uasset" 403
"../../../Engine/Content/EditorMaterials/MAT_Groups_Toggle.uexp" 404
"../../../Engine/Content/EditorMaterials/MAT_Groups_Visibility.uasset" 405
"../../../Engine/Content/EditorMaterials/MAT_Groups_Visibility.uexp" 406
"../../../Engine/Content/EditorMaterials/PreviewShadowIndicator.uasset" 407
"../../../Engine/Content/EditorMaterials/PreviewShadowIndicator.uexp" 408
"../../../Engine/Content/EditorMaterials/PreviewShadowIndicator.ubulk" 409
"../../../Engine/Content/EditorMaterials/PreviewShadowIndicatorMaterial.uasset" 410
"../../../Engine/Content/EditorMaterials/PreviewShadowIndicatorMaterial.uexp" 411
"../../../Engine/Content/EditorMaterials/MatineeGroups/MAT_ColorTrack.uasset" 412
"../../../Engine/Content/EditorMaterials/MatineeGroups/MAT_ColorTrack.uexp" 413
"../../../Engine/Content/EditorMaterials/MatineeGroups/MAT_Groups_Anim.uasset" 414
"../../../Engine/Content/EditorMaterials/MatineeGroups/MAT_Groups_Anim.uexp" 415
"../../../Engine/Content/EditorMaterials/MatineeGroups/MAT_Groups_AudioMaster.uasset" 416
"../../../Engine/Content/EditorMaterials/MatineeGroups/MAT_Groups_AudioMaster.uexp" 417
"../../../Engine/Content/EditorMaterials/MatineeGroups/MAT_Groups_Director.uasset" 418
"../../../Engine/Content/EditorMaterials/MatineeGroups/MAT_Groups_Director.uexp" 419
"../../../Engine/Content/EditorMaterials/MatineeGroups/MAT_Groups_Event.uasset" 420
"../../../Engine/Content/EditorMaterials/MatineeGroups/MAT_Groups_Event.uexp" 421
"../../../Engine/Content/EditorMaterials/MatineeGroups/MAT_Groups_Fade.uasset" 422
"../../../Engine/Content/EditorMaterials/MatineeGroups/MAT_Groups_Fade.uexp" 423
"../../../Engine/Content/EditorMaterials/MatineeGroups/MAT_Groups_Float.uasset" 424
"../../../Engine/Content/EditorMaterials/MatineeGroups/MAT_Groups_Float.uexp" 425
"../../../Engine/Content/EditorMaterials/MatineeGroups/MAT_Groups_Move.uasset" 426
"../../../Engine/Content/EditorMaterials/MatineeGroups/MAT_Groups_Move.uexp" 427
"../../../Engine/Content/EditorMaterials/MatineeGroups/MAT_Groups_Slomo.uasset" 428
"../../../Engine/Content/EditorMaterials/MatineeGroups/MAT_Groups_Slomo.uexp" 429
"../../../Engine/Content/EditorMaterials/MatineeGroups/MAT_Groups_Sound.uasset" 430
"../../../Engine/Content/EditorMaterials/MatineeGroups/MAT_Groups_Sound.uexp" 431
"../../../Engine/Content/EditorMaterials/MatineeGroups/MAT_Groups_Vector.uasset" 432
"../../../Engine/Content/EditorMaterials/MatineeGroups/MAT_Groups_Vector.uexp" 433
"../../../Engine/Content/EditorMaterials/ParticleSystems/PSysThumbnail_NoImage.uasset" 434
"../../../Engine/Content/EditorMaterials/ParticleSystems/PSysThumbnail_NoImage.uexp" 435
"../../../Engine/Content/EditorMaterials/ParticleSystems/PSysThumbnail_NoImage.ubulk" 436
"../../../Engine/Content/EditorMaterials/ParticleSystems/PSysThumbnail_OOD.uasset" 437
"../../../Engine/Content/EditorMaterials/ParticleSystems/PSysThumbnail_OOD.uexp" 438
"../../../Engine/Content/EditorMaterials/ParticleSystems/PSysThumbnail_OOD.ubulk" 439
"../../../Engine/Content/EditorMaterials/Camera/CineMat.uasset" 440
"../../../Engine/Content/EditorMaterials/Camera/CineMat.uexp" 441
"../../../Engine/Content/EditorMaterials/Camera/MI_CineMat_Rig.uasset" 442
"../../../Engine/Content/EditorMaterials/Camera/MI_CineMat_Rig.uexp" 443
"../../../Engine/Content/EditorMeshes/Camera/SM_CraneRig_Arm.uasset" 444
"../../../Engine/Content/EditorMeshes/Camera/SM_CraneRig_Arm.uexp" 445
"../../../Engine/Content/EditorMeshes/Camera/SM_CraneRig_Base.uasset" 446
"../../../Engine/Content/EditorMeshes/Camera/SM_CraneRig_Base.uexp" 447
"../../../Engine/Content/EditorMeshes/Camera/SM_CraneRig_Body.uasset" 448
"../../../Engine/Content/EditorMeshes/Camera/SM_CraneRig_Body.uexp" 449
"../../../Engine/Content/EditorMeshes/Camera/SM_CraneRig_Mount.uasset" 450
"../../../Engine/Content/EditorMeshes/Camera/SM_CraneRig_Mount.uexp" 451
"../../../Engine/Content/EditorMeshes/Camera/SM_RailRig_Mount.uasset" 452
"../../../Engine/Content/EditorMeshes/Camera/SM_RailRig_Mount.uexp" 453
"../../../Engine/Content/EditorMeshes/Camera/SM_RailRig_Track.uasset" 454
"../../../Engine/Content/EditorMeshes/Camera/SM_RailRig_Track.uexp" 455
"../../../Engine/Content/EditorResources/BSPVertex.uasset" 456
"../../../Engine/Content/EditorResources/BSPVertex.uexp" 457
"../../../Engine/Content/EditorResources/EmptyActor.uasset" 458
"../../../Engine/Content/EditorResources/EmptyActor.uexp" 459
"../../../Engine/Content/EditorResources/S_Actor.uasset" 460
"../../../Engine/Content/EditorResources/S_Actor.uexp" 461
"../../../Engine/Content/EditorResources/S_Actor.ubulk" 462
"../../../Engine/Content/EditorResources/S_Note.uasset" 463
"../../../Engine/Content/EditorResources/S_Note.uexp" 464
"../../../Engine/Content/EditorResources/S_Note.ubulk" 465
"../../../Engine/Content/EditorResources/S_Solver.uasset" 466
"../../../Engine/Content/EditorResources/S_Solver.uexp" 467
"../../../Engine/Content/EditorResources/S_Solver.ubulk" 468
"../../../Engine/Content/EditorResources/S_Terrain.uasset" 469
"../../../Engine/Content/EditorResources/S_Terrain.uexp" 470
"../../../Engine/Content/EditorResources/S_Terrain.ubulk" 471
"../../../Engine/Content/EditorResources/S_Trigger.uasset" 472
"../../../Engine/Content/EditorResources/S_Trigger.uexp" 473
"../../../Engine/Content/EditorResources/S_Trigger.ubulk" 474
"../../../Engine/Content/EditorResources/LightIcons/S_LightError.uasset" 475
"../../../Engine/Content/EditorResources/LightIcons/S_LightError.uexp" 476
"../../../Engine/Content/EditorResources/SequenceRecorder/Countdown.uasset" 477
"../../../Engine/Content/EditorResources/SequenceRecorder/Countdown.uexp" 478
"../../../Engine/Content/EditorResources/SequenceRecorder/RecordingIndicator.uasset" 479
"../../../Engine/Content/EditorResources/SequenceRecorder/RecordingIndicator.uexp" 480
"../../../Engine/Content/EngineDamageTypes/DmgTypeBP_Environmental.uasset" 481
"../../../Engine/Content/EngineDamageTypes/DmgTypeBP_Environmental.uexp" 482
"../../../Engine/Content/EngineDebugMaterials/DebugEditorMaterial.uasset" 483
"../../../Engine/Content/EngineDebugMaterials/DebugEditorMaterial.uexp" 484
"../../../Engine/Content/EngineDebugMaterials/DebugMeshMaterial.uasset" 485
"../../../Engine/Content/EngineDebugMaterials/DebugMeshMaterial.uexp" 486
"../../../Engine/Content/EngineDebugMaterials/M_SimpleUnlitTranslucent.uasset" 487
"../../../Engine/Content/EngineDebugMaterials/M_SimpleUnlitTranslucent.uexp" 488
"../../../Engine/Content/EngineDebugMaterials/VolumeToRender.uasset" 489
"../../../Engine/Content/EngineDebugMaterials/VolumeToRender.uexp" 490
"../../../Engine/Content/Functions/Engine_MaterialFunctions02/Utility/CameraDirectionVector.uasset" 491
"../../../Engine/Content/Functions/Engine_MaterialFunctions02/Utility/CameraDirectionVector.uexp" 492
"../../../Engine/Content/EngineDebugMaterials/M_VolumeRenderSphereTracePP.uasset" 493
"../../../Engine/Content/EngineDebugMaterials/M_VolumeRenderSphereTracePP.uexp" 494
"../../../Engine/Content/Functions/Engine_MaterialFunctions01/Shading/ConvertFromDiffSpec.uasset" 495
"../../../Engine/Content/Functions/Engine_MaterialFunctions01/Shading/ConvertFromDiffSpec.uexp" 496
"../../../Engine/Content/EngineDebugMaterials/VertexColorMaterial.uasset" 497
"../../../Engine/Content/EngineDebugMaterials/VertexColorMaterial.uexp" 498
"../../../Engine/Content/EngineDebugMaterials/WireframeMaterial.uasset" 499
"../../../Engine/Content/EngineDebugMaterials/WireframeMaterial.uexp" 500
"../../../Engine/Content/EngineFonts/Faces/RobotoRegular.uasset" 501
"../../../Engine/Content/EngineFonts/Faces/RobotoRegular.uexp" 502
"../../../Engine/Content/EngineFonts/Faces/RobotoRegular.ufont" 503
"../../../Engine/Content/EngineFonts/Faces/RobotoLight.uasset" 504
"../../../Engine/Content/EngineFonts/Faces/RobotoLight.uexp" 505
"../../../Engine/Content/EngineFonts/Faces/RobotoLight.ufont" 506
"../../../Engine/Content/EngineFonts/Faces/RobotoItalic.uasset" 507
"../../../Engine/Content/EngineFonts/Faces/RobotoItalic.uexp" 508
"../../../Engine/Content/EngineFonts/Faces/RobotoItalic.ufont" 509
"../../../Engine/Content/EngineFonts/Faces/RobotoBoldItalic.uasset" 510
"../../../Engine/Content/EngineFonts/Faces/RobotoBoldItalic.uexp" 511
"../../../Engine/Content/EngineFonts/Faces/RobotoBoldItalic.ufont" 512
"../../../Engine/Content/EngineFonts/Faces/RobotoBold.uasset" 513
"../../../Engine/Content/EngineFonts/Faces/RobotoBold.uexp" 514
"../../../Engine/Content/EngineFonts/Faces/RobotoBold.ufont" 515
"../../../Engine/Content/EngineFonts/Faces/DroidSansFallback.uasset" 516
"../../../Engine/Content/EngineFonts/Faces/DroidSansFallback.uexp" 517
"../../../Engine/Content/EngineFonts/Faces/DroidSansFallback.ufont" 518
"../../../Engine/Content/EngineFonts/Roboto.uasset" 519
"../../../Engine/Content/EngineFonts/Roboto.uexp" 520
"../../../Engine/Content/EngineMaterials/BaseFlattenNormalMap.uasset" 521
"../../../Engine/Content/EngineMaterials/BaseFlattenNormalMap.uexp" 522
"../../../Engine/Content/EngineMaterials/BaseFlattenGrayscaleMap.uasset" 523
"../../../Engine/Content/EngineMaterials/BaseFlattenGrayscaleMap.uexp" 524
"../../../Engine/Content/EngineMaterials/BaseFlattenEmissiveMap.uasset" 525
"../../../Engine/Content/EngineMaterials/BaseFlattenEmissiveMap.uexp" 526
"../../../Engine/Content/EngineMaterials/BaseFlattenDiffuseMap.uasset" 527
"../../../Engine/Content/EngineMaterials/BaseFlattenDiffuseMap.uexp" 528
"../../../Engine/Content/EngineMaterials/BaseFlattenMaterial.uasset" 529
"../../../Engine/Content/EngineMaterials/BaseFlattenMaterial.uexp" 530
"../../../Engine/Content/EngineMaterials/BlueNoise.uasset" 531
"../../../Engine/Content/EngineMaterials/BlueNoise.uexp" 532
"../../../Engine/Content/EngineMaterials/DefaultBloomKernel.uasset" 533
"../../../Engine/Content/EngineMaterials/DefaultBloomKernel.uexp" 534
"../../../Engine/Content/EngineMaterials/DefaultBokeh.uasset" 535
"../../../Engine/Content/EngineMaterials/DefaultBokeh.uexp" 536
"../../../Engine/Content/EngineMaterials/DefaultDiffuse.uasset" 537
"../../../Engine/Content/EngineMaterials/DefaultDiffuse.uexp" 538
"../../../Engine/Content/EngineMaterials/DefaultDiffuse.ubulk" 539
"../../../Engine/Content/EngineMaterials/DefaultDeferredDecalMaterial.uasset" 540
"../../../Engine/Content/EngineMaterials/DefaultDeferredDecalMaterial.uexp" 541
"../../../Engine/Content/EngineMaterials/DefaultLightFunctionMaterial.uasset" 542
"../../../Engine/Content/EngineMaterials/DefaultLightFunctionMaterial.uexp" 543
"../../../Engine/Content/Functions/Engine_MaterialFunctions02/Utility/BreakOutFloat2Components.uasset" 544
"../../../Engine/Content/Functions/Engine_MaterialFunctions02/Utility/BreakOutFloat2Components.uexp" 545
"../../../Engine/Content/EngineMaterials/DefaultPostProcessMaterial.uasset" 546
"../../../Engine/Content/EngineMaterials/DefaultPostProcessMaterial.uexp" 547
"../../../Engine/Content/EngineFonts/RobotoDistanceField.uasset" 548
"../../../Engine/Content/EngineFonts/RobotoDistanceField.uexp" 549
"../../../Engine/Content/EngineMaterials/DefaultTextMaterialOpaque.uasset" 550
"../../../Engine/Content/EngineMaterials/DefaultTextMaterialOpaque.uexp" 551
"../../../Engine/Content/EngineMaterials/DefaultWhiteGrid.uasset" 552
"../../../Engine/Content/EngineMaterials/DefaultWhiteGrid.uexp" 553
"../../../Engine/Content/EngineMaterials/DefaultWhiteGrid.ubulk" 554
"../../../Engine/Content/EngineMaterials/DefaultWhiteGrid_Low.uasset" 555
"../../../Engine/Content/EngineMaterials/DefaultWhiteGrid_Low.uexp" 556
"../../../Engine/Content/EngineMaterials/EmissiveMeshMaterial.uasset" 557
"../../../Engine/Content/EngineMaterials/EmissiveMeshMaterial.uexp" 558
"../../../Engine/Content/EngineMaterials/GizmoMaterial.uasset" 559
"../../../Engine/Content/EngineMaterials/GizmoMaterial.uexp" 560
"../../../Engine/Content/EngineMaterials/Good64x64TilingNoiseHighFreq.uasset" 561
"../../../Engine/Content/EngineMaterials/Good64x64TilingNoiseHighFreq.uexp" 562
"../../../Engine/Content/EngineMaterials/MiniFont.uasset" 563
"../../../Engine/Content/EngineMaterials/MiniFont.uexp" 564
"../../../Engine/Content/EngineMaterials/InvalidLightmapSettings.uasset" 565
"../../../Engine/Content/EngineMaterials/InvalidLightmapSettings.uexp" 566
"../../../Engine/Content/EngineMaterials/InvalidLightmapSettings.ubulk" 567
"../../../Engine/Content/EngineMaterials/M_InvalidLightmapSettings.uasset" 568
"../../../Engine/Content/EngineMaterials/M_InvalidLightmapSettings.uexp" 569
"../../../Engine/Content/Functions/Engine_MaterialFunctions02/WorldPositionOffset/CameraOffset.uasset" 570
"../../../Engine/Content/Functions/Engine_MaterialFunctions02/WorldPositionOffset/CameraOffset.uexp" 571
"../../../Engine/Content/EngineMaterials/PhAT_JointLimitMaterial.uasset" 572
"../../../Engine/Content/EngineMaterials/PhAT_JointLimitMaterial.uexp" 573
"../../../Engine/Content/EngineMaterials/DefaultCalibrationColor.uasset" 574
"../../../Engine/Content/EngineMaterials/DefaultCalibrationColor.uexp" 575
"../../../Engine/Content/EngineMaterials/PPM_DefaultCalibrationColor.uasset" 576
"../../../Engine/Content/EngineMaterials/PPM_DefaultCalibrationColor.uexp" 577
"../../../Engine/Content/EngineMaterials/DefaultCalibrationGrayscale.uasset" 578
"../../../Engine/Content/EngineMaterials/DefaultCalibrationGrayscale.uexp" 579
"../../../Engine/Content/EngineMaterials/PPM_DefaultCalibrationGrayscale.uasset" 580
"../../../Engine/Content/EngineMaterials/PPM_DefaultCalibrationGrayscale.uexp" 581
"../../../Engine/Content/EngineMaterials/PreintegratedSkinBRDF.uasset" 582
"../../../Engine/Content/EngineMaterials/PreintegratedSkinBRDF.uexp" 583
"../../../Engine/Content/EngineMaterials/RemoveSurfaceMaterial.uasset" 584
"../../../Engine/Content/EngineMaterials/RemoveSurfaceMaterial.uexp" 585
"../../../Engine/Content/EngineMaterials/WeightMapPlaceholderTexture.uasset" 586
"../../../Engine/Content/EngineMaterials/WeightMapPlaceholderTexture.uexp" 587
"../../../Engine/Content/EngineResources/WhiteSquareTexture.uasset" 588
"../../../Engine/Content/EngineResources/WhiteSquareTexture.uexp" 589
"../../../Engine/Content/EngineMaterials/Widget3DPassThrough.uasset" 590
"../../../Engine/Content/EngineMaterials/Widget3DPassThrough.uexp" 591
"../../../Engine/Content/EngineMaterials/Widget3DPassThrough_Masked.uasset" 592
"../../../Engine/Content/EngineMaterials/Widget3DPassThrough_Masked.uexp" 593
"../../../Engine/Content/EngineMaterials/Widget3DPassThrough_Opaque.uasset" 594
"../../../Engine/Content/EngineMaterials/Widget3DPassThrough_Opaque.uexp" 595
"../../../Engine/Content/EngineMaterials/Widget3DPassThrough_Masked_OneSided.uasset" 596
"../../../Engine/Content/EngineMaterials/Widget3DPassThrough_Masked_OneSided.uexp" 597
"../../../Engine/Content/EngineMaterials/Widget3DPassThrough_Opaque_OneSided.uasset" 598
"../../../Engine/Content/EngineMaterials/Widget3DPassThrough_Opaque_OneSided.uexp" 599
"../../../Engine/Content/EngineMaterials/Widget3DPassThrough_Translucent.uasset" 600
"../../../Engine/Content/EngineMaterials/Widget3DPassThrough_Translucent.uexp" 601
"../../../Engine/Content/EngineMaterials/Widget3DPassThrough_Translucent_OneSided.uasset" 602
"../../../Engine/Content/EngineMaterials/Widget3DPassThrough_Translucent_OneSided.uexp" 603
"../../../Engine/Content/EngineMeshes/Cylinder.uasset" 604
"../../../Engine/Content/EngineMeshes/Cylinder.uexp" 605
"../../../Engine/Content/EngineMeshes/Sphere.uasset" 606
"../../../Engine/Content/EngineMeshes/Sphere.uexp" 607
"../../../Engine/Content/EngineResources/DefaultTexture.uasset" 608
"../../../Engine/Content/EngineResources/DefaultTexture.uexp" 609
"../../../Engine/Content/EngineResources/DefaultTexture.ubulk" 610
"../../../Engine/Content/EngineResources/DefaultTextureCube.uasset" 611
"../../../Engine/Content/EngineResources/DefaultTextureCube.uexp" 612
"../../../Engine/Content/EngineResources/DefaultVolumeTexture2D.uasset" 613
"../../../Engine/Content/EngineResources/DefaultVolumeTexture2D.uexp" 614
"../../../Engine/Content/EngineResources/DefaultVolumeTexture.uasset" 615
"../../../Engine/Content/EngineResources/DefaultVolumeTexture.uexp" 616
"../../../Engine/Content/EngineResources/GradientTexture0.uasset" 617
"../../../Engine/Content/EngineResources/GradientTexture0.uexp" 618
"../../../Engine/Content/EngineSky/VolumetricClouds/T_NoiseShape64.uasset" 619
"../../../Engine/Content/EngineSky/VolumetricClouds/T_NoiseShape64.uexp" 620
"../../../Engine/Content/EngineSky/VolumetricClouds/T_NoiseShape64.ubulk" 621
"../../../Engine/Content/EngineSky/VolumetricClouds/T_VolumeNoiseShape64.uasset" 622
"../../../Engine/Content/EngineSky/VolumetricClouds/T_VolumeNoiseShape64.uexp" 623
"../../../Engine/Content/EngineSky/VolumetricClouds/T_NoiseErosion.uasset" 624
"../../../Engine/Content/EngineSky/VolumetricClouds/T_NoiseErosion.uexp" 625
"../../../Engine/Content/EngineSky/VolumetricClouds/T_NoiseErosion.ubulk" 626
"../../../Engine/Content/EngineSky/VolumetricClouds/T_VolumeNoiseErosion32.uasset" 627
"../../../Engine/Content/EngineSky/VolumetricClouds/T_VolumeNoiseErosion32.uexp" 628
"../../../Engine/Content/EngineSky/VolumetricClouds/CloudWeatherTexture.uasset" 629
"../../../Engine/Content/EngineSky/VolumetricClouds/CloudWeatherTexture.uexp" 630
"../../../Engine/Content/EngineSky/VolumetricClouds/CloudGradientTexture.uasset" 631
"../../../Engine/Content/EngineSky/VolumetricClouds/CloudGradientTexture.uexp" 632
"../../../Engine/Content/Functions/Engine_MaterialFunctions02/Utility/MakeFloat2.uasset" 633
"../../../Engine/Content/Functions/Engine_MaterialFunctions02/Utility/MakeFloat2.uexp" 634
"../../../Engine/Content/EngineSky/VolumetricClouds/m_SimpleVolumetricCloud.uasset" 635
"../../../Engine/Content/EngineSky/VolumetricClouds/m_SimpleVolumetricCloud.uexp" 636
"../../../Engine/Content/EngineSky/VolumetricClouds/m_SimpleVolumetricCloud_Inst.uasset" 637
"../../../Engine/Content/EngineSky/VolumetricClouds/m_SimpleVolumetricCloud_Inst.uexp" 638
"../../../Engine/Content/EngineSounds/Master.uasset" 639
"../../../Engine/Content/EngineSounds/Master.uexp" 640
"../../../Engine/Content/Functions/Engine_MaterialFunctions01/Shading/PowerToRoughness.uasset" 641
"../../../Engine/Content/Functions/Engine_MaterialFunctions01/Shading/PowerToRoughness.uexp" 642
"../../../Engine/Content/Maps/Templates/Thumbnails/Default.uasset" 643
"../../../Engine/Content/Maps/Templates/Thumbnails/Default.uexp" 644
"../../../Engine/Content/Maps/Templates/Thumbnails/TimeOfDay.uasset" 645
"../../../Engine/Content/Maps/Templates/Thumbnails/TimeOfDay.uexp" 646
"../../../Engine/Content/Maps/Templates/Thumbnails/VR-Basic.uasset" 647
"../../../Engine/Content/Maps/Templates/Thumbnails/VR-Basic.uexp" 648
"../../../Engine/Content/MobileResources/T_MobileControls_texture.uasset" 649
"../../../Engine/Content/MobileResources/T_MobileControls_texture.uexp" 650
"../../../Engine/Content/MobileResources/T_MobileMenu2.uasset" 651
"../../../Engine/Content/MobileResources/T_MobileMenu2.uexp" 652
"../../../Engine/Content/MobileResources/HUD/AnalogHat.uasset" 653
"../../../Engine/Content/MobileResources/HUD/AnalogHat.uexp" 654
"../../../Engine/Content/MobileResources/HUD/VirtualJoystick_Thumb.uasset" 655
"../../../Engine/Content/MobileResources/HUD/VirtualJoystick_Thumb.uexp" 656
"../../../Engine/Content/MobileResources/HUD/VirtualJoystick_Background.uasset" 657
"../../../Engine/Content/MobileResources/HUD/VirtualJoystick_Background.uexp" 658
"../../../Engine/Content/MobileResources/HUD/DefaultVirtualJoysticks.uasset" 659
"../../../Engine/Content/MobileResources/HUD/DefaultVirtualJoysticks.uexp" 660
"../../../Engine/Content/MobileResources/HUD/LeftVirtualJoystickOnly.uasset" 661
"../../../Engine/Content/MobileResources/HUD/LeftVirtualJoystickOnly.uexp" 662
"../../../Engine/Content/MobileResources/HUD/MobileHUDButton1_off.uasset" 663
"../../../Engine/Content/MobileResources/HUD/MobileHUDButton1_off.uexp" 664
"../../../Engine/Content/MobileResources/HUD/MobileHUDButton1_on.uasset" 665
"../../../Engine/Content/MobileResources/HUD/MobileHUDButton1_on.uexp" 666
"../../../Engine/Content/MobileResources/HUD/MobileHUDButton2_off.uasset" 667
"../../../Engine/Content/MobileResources/HUD/MobileHUDButton2_off.uexp" 668
"../../../Engine/Content/MobileResources/HUD/MobileHUDButton2_on.uasset" 669
"../../../Engine/Content/MobileResources/HUD/MobileHUDButton2_on.uexp" 670
"../../../Engine/Content/MobileResources/HUD/MobileHUDButton3.uasset" 671
"../../../Engine/Content/MobileResources/HUD/MobileHUDButton3.uexp" 672
"../../../Engine/Content/MobileResources/HUD/MobileHUDButtonFire.uasset" 673
"../../../Engine/Content/MobileResources/HUD/MobileHUDButtonFire.uexp" 674
"../../../Engine/Content/MobileResources/HUD/MobileHUDDirectionPad.uasset" 675
"../../../Engine/Content/MobileResources/HUD/MobileHUDDirectionPad.uexp" 676
"../../../Engine/Content/MobileResources/HUD/MobileHUDDirectionPad2.uasset" 677
"../../../Engine/Content/MobileResources/HUD/MobileHUDDirectionPad2.uexp" 678
"../../../Engine/Content/MobileResources/HUD/MobileHUDDirectionPad3.uasset" 679
"../../../Engine/Content/MobileResources/HUD/MobileHUDDirectionPad3.uexp" 680
"../../../Engine/Content/MobileResources/HUD/MobileHUDDirectionStick.uasset" 681
"../../../Engine/Content/MobileResources/HUD/MobileHUDDirectionStick.uexp" 682
"../../../Engine/Content/MobileResources/HUD/T_Castle_ThumbstickInner.uasset" 683
"../../../Engine/Content/MobileResources/HUD/T_Castle_ThumbstickInner.uexp" 684
"../../../Engine/Content/MobileResources/HUD/T_Castle_ThumbstickOutter.uasset" 685
"../../../Engine/Content/MobileResources/HUD/T_Castle_ThumbstickOutter.uexp" 686
"../../../Engine/Content/Tutorial/ContentIntroCurve.uasset" 687
"../../../Engine/Content/Tutorial/ContentIntroCurve.uexp" 688
"../../../Engine/Content/Tutorial/Basics/TutorialAssets/icon_tab_Levels_40x.uasset" 689
"../../../Engine/Content/Tutorial/Basics/TutorialAssets/icon_tab_Levels_40x.uexp" 690
"../../../Engine/Content/VREditor/TransformGizmo/TranslucentTransformGizmoMaterial.uasset" 691
"../../../Engine/Content/VREditor/TransformGizmo/TranslucentTransformGizmoMaterial.uexp" 692
"../../../Engine/Content/VREditor/LaserPointer/VR_LaserPower_01.uasset" 693
"../../../Engine/Content/VREditor/LaserPointer/VR_LaserPower_01.uexp" 694
"../../../Engine/Content/VREditor/LaserPointer/VR_LaserPower_01.ubulk" 695
"../../../Engine/Content/VREditor/TransformGizmo/TransformGizmoMaterial.uasset" 696
"../../../Engine/Content/VREditor/TransformGizmo/TransformGizmoMaterial.uexp" 697
"../../../Engine/Content/VREditor/TransformGizmo/BoundingBoxCorner.uasset" 698
"../../../Engine/Content/VREditor/TransformGizmo/BoundingBoxCorner.uexp" 699
"../../../Engine/Content/VREditor/TransformGizmo/BoundingBoxEdge.uasset" 700
"../../../Engine/Content/VREditor/TransformGizmo/BoundingBoxEdge.uexp" 701
"../../../Engine/Content/VREditor/TransformGizmo/PlaneTranslationHandle.uasset" 702
"../../../Engine/Content/VREditor/TransformGizmo/PlaneTranslationHandle.uexp" 703
"../../../Engine/Content/VREditor/TransformGizmo/Xray.uasset" 704
"../../../Engine/Content/VREditor/TransformGizmo/Xray.uexp" 705
"../../../Engine/Content/VREditor/TransformGizmo/Main.uasset" 706
"../../../Engine/Content/VREditor/TransformGizmo/Main.uexp" 707
"../../../Engine/Content/VREditor/TransformGizmo/SM_Sequencer_Key.uasset" 708
"../../../Engine/Content/VREditor/TransformGizmo/SM_Sequencer_Key.uexp" 709
"../../../Engine/Content/VREditor/TransformGizmo/SM_Sequencer_Node.uasset" 710
"../../../Engine/Content/VREditor/TransformGizmo/SM_Sequencer_Node.uexp" 711
"../../../Engine/Plugins/2D/Paper2D/Content/PlaceholderTextures/DummySpriteTexture.uasset" 712
"../../../Engine/Plugins/2D/Paper2D/Content/PlaceholderTextures/DummySpriteTexture.uexp" 713
"../../../Engine/Plugins/2D/Paper2D/Content/PlaceholderTextures/DummySpriteTexture.ubulk" 714
"../../../Engine/Plugins/2D/Paper2D/Content/DummySprite.uasset" 715
"../../../Engine/Plugins/2D/Paper2D/Content/DummySprite.uexp" 716
"../../../Engine/Plugins/2D/Paper2D/Content/DefaultPaperTerrainMaterial.uasset" 717
"../../../Engine/Plugins/2D/Paper2D/Content/DefaultPaperTerrainMaterial.uexp" 718
"../../../Engine/Plugins/2D/Paper2D/Content/DefaultSpriteMaterial.uasset" 719
"../../../Engine/Plugins/2D/Paper2D/Content/DefaultSpriteMaterial.uexp" 720
"../../../Engine/Plugins/2D/Paper2D/Content/MaskedUnlitSpriteMaterial.uasset" 721
"../../../Engine/Plugins/2D/Paper2D/Content/MaskedUnlitSpriteMaterial.uexp" 722
"../../../Engine/Plugins/2D/Paper2D/Content/OpaqueUnlitSpriteMaterial.uasset" 723
"../../../Engine/Plugins/2D/Paper2D/Content/OpaqueUnlitSpriteMaterial.uexp" 724
"../../../Engine/Content/Functions/Engine_MaterialFunctions02/ObjectLocalBounds.uasset" 725
"../../../Engine/Content/Functions/Engine_MaterialFunctions02/ObjectLocalBounds.uexp" 726
"../../../Engine/Plugins/Editor/SpeedTreeImporter/Content/SpeedTree9/UnpackInteger3.uasset" 727
"../../../Engine/Plugins/Editor/SpeedTreeImporter/Content/SpeedTree9/UnpackInteger3.uexp" 728
"../../../Engine/Plugins/Editor/SpeedTreeImporter/Content/SpeedTree9/UnpackDirection.uasset" 729
"../../../Engine/Plugins/Editor/SpeedTreeImporter/Content/SpeedTree9/UnpackDirection.uexp" 730
"../../../Engine/Plugins/Editor/SpeedTreeImporter/Content/SpeedTree9/game_wind_noise.uasset" 731
"../../../Engine/Plugins/Editor/SpeedTreeImporter/Content/SpeedTree9/game_wind_noise.uexp" 732
"../../../Engine/Plugins/Editor/SpeedTreeImporter/Content/SpeedTree9/game_wind_noise.ubulk" 733
"../../../Engine/Content/Functions/Engine_MaterialFunctions02/SafeNormalize.uasset" 734
"../../../Engine/Content/Functions/Engine_MaterialFunctions02/SafeNormalize.uexp" 735
"../../../Engine/Plugins/Editor/SpeedTreeImporter/Content/SpeedTree9/SpeedTreeWindMotion.uasset" 736
"../../../Engine/Plugins/Editor/SpeedTreeImporter/Content/SpeedTree9/SpeedTreeWindMotion.uexp" 737
"../../../Engine/Plugins/Editor/SpeedTreeImporter/Content/SpeedTree9/SpeedTreeBranchMotion.uasset" 738
"../../../Engine/Plugins/Editor/SpeedTreeImporter/Content/SpeedTree9/SpeedTreeBranchMotion.uexp" 739
"../../../Engine/Content/Functions/Engine_MaterialFunctions02/UVs/BoundingBoxBased_0-1_UVW.uasset" 740
"../../../Engine/Content/Functions/Engine_MaterialFunctions02/UVs/BoundingBoxBased_0-1_UVW.uexp" 741
"../../../Engine/Plugins/Editor/SpeedTreeImporter/Content/SpeedTree9/SpeedTreeWind.uasset" 742
"../../../Engine/Plugins/Editor/SpeedTreeImporter/Content/SpeedTree9/SpeedTreeWind.uexp" 743
"../../../Engine/Plugins/Editor/SpeedTreeImporter/Content/SpeedTree9/SpeedTreeBillboard.uasset" 744
"../../../Engine/Plugins/Editor/SpeedTreeImporter/Content/SpeedTree9/SpeedTreeBillboard.uexp" 745
"../../../Engine/Plugins/Editor/SpeedTreeImporter/Content/SpeedTree9/EmptyNormal.uasset" 746
"../../../Engine/Plugins/Editor/SpeedTreeImporter/Content/SpeedTree9/EmptyNormal.uexp" 747
"../../../Engine/Plugins/Editor/SpeedTreeImporter/Content/SpeedTree9/Empty.uasset" 748
"../../../Engine/Plugins/Editor/SpeedTreeImporter/Content/SpeedTree9/Empty.uexp" 749
"../../../Engine/Plugins/Editor/SpeedTreeImporter/Content/SpeedTree9/SpeedTreeBillboardMaster.uasset" 750
"../../../Engine/Plugins/Editor/SpeedTreeImporter/Content/SpeedTree9/SpeedTreeBillboardMaster.uexp" 751
"../../../Engine/Plugins/Editor/SpeedTreeImporter/Content/SpeedTree9/SpeedTreeCameraFacing.uasset" 752
"../../../Engine/Plugins/Editor/SpeedTreeImporter/Content/SpeedTree9/SpeedTreeCameraFacing.uexp" 753
"../../../Engine/Plugins/Editor/SpeedTreeImporter/Content/SpeedTree9/SpeedTreeMaster.uasset" 754
"../../../Engine/Plugins/Editor/SpeedTreeImporter/Content/SpeedTree9/SpeedTreeMaster.uexp" 755
"../../../Engine/Plugins/Experimental/ControlRig/Content/M_Manip.uasset" 756
"../../../Engine/Plugins/Experimental/ControlRig/Content/M_Manip.uexp" 757
"../../../Engine/Plugins/Experimental/ControlRig/Content/Controls/ControlRigGizmoMaterial.uasset" 758
"../../../Engine/Plugins/Experimental/ControlRig/Content/Controls/ControlRigGizmoMaterial.uexp" 759
"../../../Engine/Plugins/Experimental/ControlRig/Content/Controls/ControlRig_Arrow2_1mm.uasset" 760
"../../../Engine/Plugins/Experimental/ControlRig/Content/Controls/ControlRig_Arrow2_1mm.uexp" 761
"../../../Engine/Plugins/Experimental/ControlRig/Content/Controls/ControlRig_Arrow2_3mm.uasset" 762
"../../../Engine/Plugins/Experimental/ControlRig/Content/Controls/ControlRig_Arrow2_3mm.uexp" 763
"../../../Engine/Plugins/Experimental/ControlRig/Content/Controls/ControlRig_Arrow2_solid.uasset" 764
"../../../Engine/Plugins/Experimental/ControlRig/Content/Controls/ControlRig_Arrow2_solid.uexp" 765
"../../../Engine/Plugins/Experimental/ControlRig/Content/Controls/ControlRig_Arrow4_1mm.uasset" 766
"../../../Engine/Plugins/Experimental/ControlRig/Content/Controls/ControlRig_Arrow4_1mm.uexp" 767
"../../../Engine/Plugins/Experimental/ControlRig/Content/Controls/ControlRig_Arrow4_3mm.uasset" 768
"../../../Engine/Plugins/Experimental/ControlRig/Content/Controls/ControlRig_Arrow4_3mm.uexp" 769
"../../../Engine/Plugins/Experimental/ControlRig/Content/Controls/ControlRig_Arrow4_solid.uasset" 770
"../../../Engine/Plugins/Experimental/ControlRig/Content/Controls/ControlRig_Arrow4_solid.uexp" 771
"../../../Engine/Plugins/Experimental/ControlRig/Content/Controls/ControlRig_Arrow_1mm.uasset" 772
"../../../Engine/Plugins/Experimental/ControlRig/Content/Controls/ControlRig_Arrow_1mm.uexp" 773
"../../../Engine/Plugins/Experimental/ControlRig/Content/Controls/ControlRig_Arrow_3mm.uasset" 774
"../../../Engine/Plugins/Experimental/ControlRig/Content/Controls/ControlRig_Arrow_3mm.uexp" 775
"../../../Engine/Plugins/Experimental/ControlRig/Content/Controls/ControlRig_Arrow_solid.uasset" 776
"../../../Engine/Plugins/Experimental/ControlRig/Content/Controls/ControlRig_Arrow_solid.uexp" 777
"../../../Engine/Plugins/Experimental/ControlRig/Content/Controls/ControlRig_Box_1mm.uasset" 778
"../../../Engine/Plugins/Experimental/ControlRig/Content/Controls/ControlRig_Box_1mm.uexp" 779
"../../../Engine/Plugins/Experimental/ControlRig/Content/Controls/ControlRig_Box_3mm.uasset" 780
"../../../Engine/Plugins/Experimental/ControlRig/Content/Controls/ControlRig_Box_3mm.uexp" 781
"../../../Engine/Plugins/Experimental/ControlRig/Content/Controls/ControlRig_Box_solid.uasset" 782
"../../../Engine/Plugins/Experimental/ControlRig/Content/Controls/ControlRig_Box_solid.uexp" 783
"../../../Engine/Plugins/Experimental/ControlRig/Content/Controls/ControlRig_Circle_1mm.uasset" 784
"../../../Engine/Plugins/Experimental/ControlRig/Content/Controls/ControlRig_Circle_1mm.uexp" 785
"../../../Engine/Plugins/Experimental/ControlRig/Content/Controls/ControlRig_Circle_3mm.uasset" 786
"../../../Engine/Plugins/Experimental/ControlRig/Content/Controls/ControlRig_Circle_3mm.uexp" 787
"../../../Engine/Plugins/Experimental/ControlRig/Content/Controls/ControlRig_Circle_solid.uasset" 788
"../../../Engine/Plugins/Experimental/ControlRig/Content/Controls/ControlRig_Circle_solid.uexp" 789
"../../../Engine/Plugins/Experimental/ControlRig/Content/Controls/ControlRig_Diamond_1mm.uasset" 790
"../../../Engine/Plugins/Experimental/ControlRig/Content/Controls/ControlRig_Diamond_1mm.uexp" 791
"../../../Engine/Plugins/Experimental/ControlRig/Content/Controls/ControlRig_Diamond_3mm.uasset" 792
"../../../Engine/Plugins/Experimental/ControlRig/Content/Controls/ControlRig_Diamond_3mm.uexp" 793
"../../../Engine/Plugins/Experimental/ControlRig/Content/Controls/ControlRig_Diamond_solid.uasset" 794
"../../../Engine/Plugins/Experimental/ControlRig/Content/Controls/ControlRig_Diamond_solid.uexp" 795
"../../../Engine/Plugins/Experimental/ControlRig/Content/Controls/ControlRig_HalfCircle_1mm.uasset" 796
"../../../Engine/Plugins/Experimental/ControlRig/Content/Controls/ControlRig_HalfCircle_1mm.uexp" 797
"../../../Engine/Plugins/Experimental/ControlRig/Content/Controls/ControlRig_HalfCircle_3mm.uasset" 798
"../../../Engine/Plugins/Experimental/ControlRig/Content/Controls/ControlRig_HalfCircle_3mm.uexp" 799
"../../../Engine/Plugins/Experimental/ControlRig/Content/Controls/ControlRig_HalfCircle_solid.uasset" 800
"../../../Engine/Plugins/Experimental/ControlRig/Content/Controls/ControlRig_HalfCircle_solid.uexp" 801
"../../../Engine/Plugins/Experimental/ControlRig/Content/Controls/ControlRig_Hexagon_1mm.uasset" 802
"../../../Engine/Plugins/Experimental/ControlRig/Content/Controls/ControlRig_Hexagon_1mm.uexp" 803
"../../../Engine/Plugins/Experimental/ControlRig/Content/Controls/ControlRig_Hexagon_3mm.uasset" 804
"../../../Engine/Plugins/Experimental/ControlRig/Content/Controls/ControlRig_Hexagon_3mm.uexp" 805
"../../../Engine/Plugins/Experimental/ControlRig/Content/Controls/ControlRig_Hexagon_solid.uasset" 806
"../../../Engine/Plugins/Experimental/ControlRig/Content/Controls/ControlRig_Hexagon_solid.uexp" 807
"../../../Engine/Plugins/Experimental/ControlRig/Content/Controls/ControlRig_Octagon_1mm.uasset" 808
"../../../Engine/Plugins/Experimental/ControlRig/Content/Controls/ControlRig_Octagon_1mm.uexp" 809
"../../../Engine/Plugins/Experimental/ControlRig/Content/Controls/ControlRig_Octagon_3mm.uasset" 810
"../../../Engine/Plugins/Experimental/ControlRig/Content/Controls/ControlRig_Octagon_3mm.uexp" 811
"../../../Engine/Plugins/Experimental/ControlRig/Content/Controls/ControlRig_Octagon_solid.uasset" 812
"../../../Engine/Plugins/Experimental/ControlRig/Content/Controls/ControlRig_Octagon_solid.uexp" 813
"../../../Engine/Plugins/Experimental/ControlRig/Content/Controls/ControlRig_Pyramid_1mm.uasset" 814
"../../../Engine/Plugins/Experimental/ControlRig/Content/Controls/ControlRig_Pyramid_1mm.uexp" 815
"../../../Engine/Plugins/Experimental/ControlRig/Content/Controls/ControlRig_Pyramid_3mm.uasset" 816
"../../../Engine/Plugins/Experimental/ControlRig/Content/Controls/ControlRig_Pyramid_3mm.uexp" 817
"../../../Engine/Plugins/Experimental/ControlRig/Content/Controls/ControlRig_Pyramid_solid.uasset" 818
"../../../Engine/Plugins/Experimental/ControlRig/Content/Controls/ControlRig_Pyramid_solid.uexp" 819
"../../../Engine/Plugins/Experimental/ControlRig/Content/Controls/ControlRig_QuarterCircle_1mm.uasset" 820
"../../../Engine/Plugins/Experimental/ControlRig/Content/Controls/ControlRig_QuarterCircle_1mm.uexp" 821
"../../../Engine/Plugins/Experimental/ControlRig/Content/Controls/ControlRig_QuarterCircle_3mm.uasset" 822
"../../../Engine/Plugins/Experimental/ControlRig/Content/Controls/ControlRig_QuarterCircle_3mm.uexp" 823
"../../../Engine/Plugins/Experimental/ControlRig/Content/Controls/ControlRig_QuarterCircle_solid.uasset" 824
"../../../Engine/Plugins/Experimental/ControlRig/Content/Controls/ControlRig_QuarterCircle_solid.uexp" 825
"../../../Engine/Plugins/Experimental/ControlRig/Content/Controls/ControlRig_RoundedSquare_1mm.uasset" 826
"../../../Engine/Plugins/Experimental/ControlRig/Content/Controls/ControlRig_RoundedSquare_1mm.uexp" 827
"../../../Engine/Plugins/Experimental/ControlRig/Content/Controls/ControlRig_RoundedSquare_3mm.uasset" 828
"../../../Engine/Plugins/Experimental/ControlRig/Content/Controls/ControlRig_RoundedSquare_3mm.uexp" 829
"../../../Engine/Plugins/Experimental/ControlRig/Content/Controls/ControlRig_RoundedSquare_solid.uasset" 830
"../../../Engine/Plugins/Experimental/ControlRig/Content/Controls/ControlRig_RoundedSquare_solid.uexp" 831
"../../../Engine/Plugins/Experimental/ControlRig/Content/Controls/ControlRig_RoundedTriangle_1mm.uasset" 832
"../../../Engine/Plugins/Experimental/ControlRig/Content/Controls/ControlRig_RoundedTriangle_1mm.uexp" 833
"../../../Engine/Plugins/Experimental/ControlRig/Content/Controls/ControlRig_RoundedTriangle_3mm.uasset" 834
"../../../Engine/Plugins/Experimental/ControlRig/Content/Controls/ControlRig_RoundedTriangle_3mm.uexp" 835
"../../../Engine/Plugins/Experimental/ControlRig/Content/Controls/ControlRig_RoundedTriangle_solid.uasset" 836
"../../../Engine/Plugins/Experimental/ControlRig/Content/Controls/ControlRig_RoundedTriangle_solid.uexp" 837
"../../../Engine/Plugins/Experimental/ControlRig/Content/Controls/ControlRig_Sphere_1mm.uasset" 838
"../../../Engine/Plugins/Experimental/ControlRig/Content/Controls/ControlRig_Sphere_1mm.uexp" 839
"../../../Engine/Plugins/Experimental/ControlRig/Content/Controls/ControlRig_Sphere_3mm.uasset" 840
"../../../Engine/Plugins/Experimental/ControlRig/Content/Controls/ControlRig_Sphere_3mm.uexp" 841
"../../../Engine/Plugins/Experimental/ControlRig/Content/Controls/ControlRig_Sphere_solid.uasset" 842
"../../../Engine/Plugins/Experimental/ControlRig/Content/Controls/ControlRig_Sphere_solid.uexp" 843
"../../../Engine/Plugins/Experimental/ControlRig/Content/Controls/ControlRig_Square_1mm.uasset" 844
"../../../Engine/Plugins/Experimental/ControlRig/Content/Controls/ControlRig_Square_1mm.uexp" 845
"../../../Engine/Plugins/Experimental/ControlRig/Content/Controls/ControlRig_Square_3mm.uasset" 846
"../../../Engine/Plugins/Experimental/ControlRig/Content/Controls/ControlRig_Square_3mm.uexp" 847
"../../../Engine/Plugins/Experimental/ControlRig/Content/Controls/ControlRig_Square_solid.uasset" 848
"../../../Engine/Plugins/Experimental/ControlRig/Content/Controls/ControlRig_Square_solid.uexp" 849
"../../../Engine/Plugins/Experimental/ControlRig/Content/Controls/ControlRig_Star4_1mm.uasset" 850
"../../../Engine/Plugins/Experimental/ControlRig/Content/Controls/ControlRig_Star4_1mm.uexp" 851
"../../../Engine/Plugins/Experimental/ControlRig/Content/Controls/ControlRig_Star4_3mm.uasset" 852
"../../../Engine/Plugins/Experimental/ControlRig/Content/Controls/ControlRig_Star4_3mm.uexp" 853
"../../../Engine/Plugins/Experimental/ControlRig/Content/Controls/ControlRig_Star4_solid.uasset" 854
"../../../Engine/Plugins/Experimental/ControlRig/Content/Controls/ControlRig_Star4_solid.uexp" 855
"../../../Engine/Plugins/Experimental/ControlRig/Content/Controls/ControlRig_Triangle_1mm.uasset" 856
"../../../Engine/Plugins/Experimental/ControlRig/Content/Controls/ControlRig_Triangle_1mm.uexp" 857
"../../../Engine/Plugins/Experimental/ControlRig/Content/Controls/ControlRig_Triangle_3mm.uasset" 858
"../../../Engine/Plugins/Experimental/ControlRig/Content/Controls/ControlRig_Triangle_3mm.uexp" 859
"../../../Engine/Plugins/Experimental/ControlRig/Content/Controls/ControlRig_Triangle_solid.uasset" 860
"../../../Engine/Plugins/Experimental/ControlRig/Content/Controls/ControlRig_Triangle_solid.uexp" 861
"../../../Engine/Plugins/Experimental/ControlRig/Content/Controls/ControlRig_Wedge_1mm.uasset" 862
"../../../Engine/Plugins/Experimental/ControlRig/Content/Controls/ControlRig_Wedge_1mm.uexp" 863
"../../../Engine/Plugins/Experimental/ControlRig/Content/Controls/ControlRig_Wedge_3mm.uasset" 864
"../../../Engine/Plugins/Experimental/ControlRig/Content/Controls/ControlRig_Wedge_3mm.uexp" 865
"../../../Engine/Plugins/Experimental/ControlRig/Content/Controls/ControlRig_Wedge_solid.uasset" 866
"../../../Engine/Plugins/Experimental/ControlRig/Content/Controls/ControlRig_Wedge_solid.uexp" 867
"../../../Engine/Plugins/Experimental/ControlRig/Content/Controls/DefaultGizmoLibrary.uasset" 868
"../../../Engine/Plugins/Experimental/ControlRig/Content/Controls/DefaultGizmoLibrary.uexp" 869
"../../../Engine/Content/ArtTools/RenderToTexture/Materials/Debug/M_Emissive_Color.uasset" 870
"../../../Engine/Content/ArtTools/RenderToTexture/Materials/Debug/M_Emissive_Color.uexp" 871
"../../../Engine/Plugins/Lumin/MagicLeapPassableWorld/Content/MagicLeapARPinInfoActor.uasset" 872
"../../../Engine/Plugins/Lumin/MagicLeapPassableWorld/Content/MagicLeapARPinInfoActor.uexp" 873
"../../../Engine/Plugins/Runtime/OpenXR/Content/Devices/GoogleDaydream/MRTexture.uasset" 874
"../../../Engine/Plugins/Runtime/OpenXR/Content/Devices/GoogleDaydream/MRTexture.uexp" 875
"../../../Engine/Plugins/Runtime/OpenXR/Content/Devices/GoogleDaydream/MRTexture.ubulk" 876
"../../../Engine/Plugins/Runtime/OpenXR/Content/Devices/GoogleDaydream/BaseTexture.uasset" 877
"../../../Engine/Plugins/Runtime/OpenXR/Content/Devices/GoogleDaydream/BaseTexture.uexp" 878
"../../../Engine/Plugins/Runtime/OpenXR/Content/Devices/GoogleDaydream/BaseTexture.ubulk" 879
"../../../Engine/Content/EngineResources/Black.uasset" 880
"../../../Engine/Content/EngineResources/Black.uexp" 881
"../../../Engine/Plugins/Runtime/OpenXR/Content/Devices/M_XRController.uasset" 882
"../../../Engine/Plugins/Runtime/OpenXR/Content/Devices/M_XRController.uexp" 883
"../../../Engine/Plugins/Runtime/OpenXR/Content/Devices/GoogleDaydream/MI_GoogleDaydream.uasset" 884
"../../../Engine/Plugins/Runtime/OpenXR/Content/Devices/GoogleDaydream/MI_GoogleDaydream.uexp" 885
"../../../Engine/Plugins/Runtime/OpenXR/Content/Devices/GoogleDaydream/GoogleDaydreamController.uasset" 886
"../../../Engine/Plugins/Runtime/OpenXR/Content/Devices/GoogleDaydream/GoogleDaydreamController.uexp" 887
"../../../Engine/Plugins/Runtime/OpenXR/Content/Devices/HTCVive/BaseTexture.uasset" 888
"../../../Engine/Plugins/Runtime/OpenXR/Content/Devices/HTCVive/BaseTexture.uexp" 889
"../../../Engine/Plugins/Runtime/OpenXR/Content/Devices/HTCVive/BaseTexture.ubulk" 890
"../../../Engine/Plugins/Runtime/OpenXR/Content/Devices/HTCVive/MI_HTCVive.uasset" 891
"../../../Engine/Plugins/Runtime/OpenXR/Content/Devices/HTCVive/MI_HTCVive.uexp" 892
"../../../Engine/Plugins/Runtime/OpenXR/Content/Devices/HTCVive/HTCViveController.uasset" 893
"../../../Engine/Plugins/Runtime/OpenXR/Content/Devices/HTCVive/HTCViveController.uexp" 894
"../../../Engine/Plugins/Runtime/OpenXR/Content/Devices/MicrosoftMixedReality/NormalTexture.uasset" 895
"../../../Engine/Plugins/Runtime/OpenXR/Content/Devices/MicrosoftMixedReality/NormalTexture.uexp" 896
"../../../Engine/Plugins/Runtime/OpenXR/Content/Devices/MicrosoftMixedReality/NormalTexture.ubulk" 897
"../../../Engine/Plugins/Runtime/OpenXR/Content/Devices/MicrosoftMixedReality/MRTexture.uasset" 898
"../../../Engine/Plugins/Runtime/OpenXR/Content/Devices/MicrosoftMixedReality/MRTexture.uexp" 899
"../../../Engine/Plugins/Runtime/OpenXR/Content/Devices/MicrosoftMixedReality/MRTexture.ubulk" 900
"../../../Engine/Plugins/Runtime/OpenXR/Content/Devices/MicrosoftMixedReality/EmissiveTexture.uasset" 901
"../../../Engine/Plugins/Runtime/OpenXR/Content/Devices/MicrosoftMixedReality/EmissiveTexture.uexp" 902
"../../../Engine/Plugins/Runtime/OpenXR/Content/Devices/MicrosoftMixedReality/EmissiveTexture.ubulk" 903
"../../../Engine/Plugins/Runtime/OpenXR/Content/Devices/MicrosoftMixedReality/BaseTexture.uasset" 904
"../../../Engine/Plugins/Runtime/OpenXR/Content/Devices/MicrosoftMixedReality/BaseTexture.uexp" 905
"../../../Engine/Plugins/Runtime/OpenXR/Content/Devices/MicrosoftMixedReality/BaseTexture.ubulk" 906
"../../../Engine/Plugins/Runtime/OpenXR/Content/Devices/MicrosoftMixedReality/MI_MicrosoftMixedReality.uasset" 907
"../../../Engine/Plugins/Runtime/OpenXR/Content/Devices/MicrosoftMixedReality/MI_MicrosoftMixedReality.uexp" 908
"../../../Engine/Plugins/Runtime/OpenXR/Content/Devices/MicrosoftMixedReality/Left/left_MicrosoftMixedRealityController.uasset" 909
"../../../Engine/Plugins/Runtime/OpenXR/Content/Devices/MicrosoftMixedReality/Left/left_MicrosoftMixedRealityController.uexp" 910
"../../../Engine/Plugins/Runtime/OpenXR/Content/Devices/MicrosoftMixedReality/Right/right_MicrosoftMixedRealityController.uasset" 911
"../../../Engine/Plugins/Runtime/OpenXR/Content/Devices/MicrosoftMixedReality/Right/right_MicrosoftMixedRealityController.uexp" 912
"../../../Engine/Plugins/Runtime/OpenXR/Content/Devices/OculusGo/BaseTexture.uasset" 913
"../../../Engine/Plugins/Runtime/OpenXR/Content/Devices/OculusGo/BaseTexture.uexp" 914
"../../../Engine/Plugins/Runtime/OpenXR/Content/Devices/OculusGo/BaseTexture.ubulk" 915
"../../../Engine/Plugins/Runtime/OpenXR/Content/Devices/OculusGo/MI_OculusGo.uasset" 916
"../../../Engine/Plugins/Runtime/OpenXR/Content/Devices/OculusGo/MI_OculusGo.uexp" 917
"../../../Engine/Plugins/Runtime/OpenXR/Content/Devices/OculusGo/OculusGoController.uasset" 918
"../../../Engine/Plugins/Runtime/OpenXR/Content/Devices/OculusGo/OculusGoController.uexp" 919
"../../../Engine/Plugins/Runtime/OpenXR/Content/Devices/OculusTouch/MRTexture.uasset" 920
"../../../Engine/Plugins/Runtime/OpenXR/Content/Devices/OculusTouch/MRTexture.uexp" 921
"../../../Engine/Plugins/Runtime/OpenXR/Content/Devices/OculusTouch/MRTexture.ubulk" 922
"../../../Engine/Plugins/Runtime/OpenXR/Content/Devices/OculusTouch/BaseTexture.uasset" 923
"../../../Engine/Plugins/Runtime/OpenXR/Content/Devices/OculusTouch/BaseTexture.uexp" 924
"../../../Engine/Plugins/Runtime/OpenXR/Content/Devices/OculusTouch/BaseTexture.ubulk" 925
"../../../Engine/Plugins/Runtime/OpenXR/Content/Devices/OculusTouch/MI_OculusTouch.uasset" 926
"../../../Engine/Plugins/Runtime/OpenXR/Content/Devices/OculusTouch/MI_OculusTouch.uexp" 927
"../../../Engine/Plugins/Runtime/OpenXR/Content/Devices/OculusTouch/Left/left_OculusTouchController.uasset" 928
"../../../Engine/Plugins/Runtime/OpenXR/Content/Devices/OculusTouch/Left/left_OculusTouchController.uexp" 929
"../../../Engine/Plugins/Runtime/OpenXR/Content/Devices/OculusTouch/Right/right_OculusTouchController.uasset" 930
"../../../Engine/Plugins/Runtime/OpenXR/Content/Devices/OculusTouch/Right/right_OculusTouchController.uexp" 931
"../../../Engine/Plugins/Runtime/OpenXR/Content/Devices/OculusTouch_v2/MRTexture.uasset" 932
"../../../Engine/Plugins/Runtime/OpenXR/Content/Devices/OculusTouch_v2/MRTexture.uexp" 933
"../../../Engine/Plugins/Runtime/OpenXR/Content/Devices/OculusTouch_v2/MRTexture.ubulk" 934
"../../../Engine/Plugins/Runtime/OpenXR/Content/Devices/OculusTouch_v2/BaseTexture.uasset" 935
"../../../Engine/Plugins/Runtime/OpenXR/Content/Devices/OculusTouch_v2/BaseTexture.uexp" 936
"../../../Engine/Plugins/Runtime/OpenXR/Content/Devices/OculusTouch_v2/BaseTexture.ubulk" 937
"../../../Engine/Plugins/Runtime/OpenXR/Content/Devices/OculusTouch_v2/MI_OculusTouch_v2.uasset" 938
"../../../Engine/Plugins/Runtime/OpenXR/Content/Devices/OculusTouch_v2/MI_OculusTouch_v2.uexp" 939
"../../../Engine/Plugins/Runtime/OpenXR/Content/Devices/OculusTouch_v2/Left/left_OculusTouch_v2Controller.uasset" 940
"../../../Engine/Plugins/Runtime/OpenXR/Content/Devices/OculusTouch_v2/Left/left_OculusTouch_v2Controller.uexp" 941
"../../../Engine/Plugins/Runtime/OpenXR/Content/Devices/OculusTouch_v2/Right/right_OculusTouch_v2Controller.uasset" 942
"../../../Engine/Plugins/Runtime/OpenXR/Content/Devices/OculusTouch_v2/Right/right_OculusTouch_v2Controller.uexp" 943
"../../../Engine/Plugins/Runtime/OpenXR/Content/Devices/OculusTouch_v3/MRTexture.uasset" 944
"../../../Engine/Plugins/Runtime/OpenXR/Content/Devices/OculusTouch_v3/MRTexture.uexp" 945
"../../../Engine/Plugins/Runtime/OpenXR/Content/Devices/OculusTouch_v3/MRTexture.ubulk" 946
"../../../Engine/Plugins/Runtime/OpenXR/Content/Devices/OculusTouch_v3/BaseTexture.uasset" 947
"../../../Engine/Plugins/Runtime/OpenXR/Content/Devices/OculusTouch_v3/BaseTexture.uexp" 948
"../../../Engine/Plugins/Runtime/OpenXR/Content/Devices/OculusTouch_v3/BaseTexture.ubulk" 949
"../../../Engine/Plugins/Runtime/OpenXR/Content/Devices/OculusTouch_v3/MI_OculusTouch_v3.uasset" 950
"../../../Engine/Plugins/Runtime/OpenXR/Content/Devices/OculusTouch_v3/MI_OculusTouch_v3.uexp" 951
"../../../Engine/Plugins/Runtime/OpenXR/Content/Devices/OculusTouch_v3/Left/left_OculusTouch_v3Controller.uasset" 952
"../../../Engine/Plugins/Runtime/OpenXR/Content/Devices/OculusTouch_v3/Left/left_OculusTouch_v3Controller.uexp" 953
"../../../Engine/Plugins/Runtime/OpenXR/Content/Devices/OculusTouch_v3/Right/right_OculusTouch_v3Controller.uasset" 954
"../../../Engine/Plugins/Runtime/OpenXR/Content/Devices/OculusTouch_v3/Right/right_OculusTouch_v3Controller.uexp" 955
"../../../Engine/Plugins/Runtime/OpenXR/Content/Devices/ValveIndex/MRTexture.uasset" 956
"../../../Engine/Plugins/Runtime/OpenXR/Content/Devices/ValveIndex/MRTexture.uexp" 957
"../../../Engine/Plugins/Runtime/OpenXR/Content/Devices/ValveIndex/MRTexture.ubulk" 958
"../../../Engine/Plugins/Runtime/OpenXR/Content/Devices/ValveIndex/BaseTexture.uasset" 959
"../../../Engine/Plugins/Runtime/OpenXR/Content/Devices/ValveIndex/BaseTexture.uexp" 960
"../../../Engine/Plugins/Runtime/OpenXR/Content/Devices/ValveIndex/BaseTexture.ubulk" 961
"../../../Engine/Plugins/Runtime/OpenXR/Content/Devices/ValveIndex/Left/MI_left_ValveIndex.uasset" 962
"../../../Engine/Plugins/Runtime/OpenXR/Content/Devices/ValveIndex/Left/MI_left_ValveIndex.uexp" 963
"../../../Engine/Plugins/Runtime/OpenXR/Content/Devices/ValveIndex/Left/left_ValveIndexController.uasset" 964
"../../../Engine/Plugins/Runtime/OpenXR/Content/Devices/ValveIndex/Left/left_ValveIndexController.uexp" 965
"../../../Engine/Plugins/Runtime/OpenXR/Content/Devices/ValveIndex/Right/MI_right_ValveIndex.uasset" 966
"../../../Engine/Plugins/Runtime/OpenXR/Content/Devices/ValveIndex/Right/MI_right_ValveIndex.uexp" 967
"../../../Engine/Plugins/Runtime/OpenXR/Content/Devices/ValveIndex/Right/right_ValveIndexController.uasset" 968
"../../../Engine/Plugins/Runtime/OpenXR/Content/Devices/ValveIndex/Right/right_ValveIndexController.uexp" 969
"../../../Engine/Content/Functions/Engine_MaterialFunctions02/Utility/BreakOutFloat4Components.uasset" 970
"../../../Engine/Content/Functions/Engine_MaterialFunctions02/Utility/BreakOutFloat4Components.uexp" 971
"../../../Engine/Content/Functions/Engine_MaterialFunctions02/Utility/MakeFloat3.uasset" 972
"../../../Engine/Content/Functions/Engine_MaterialFunctions02/Utility/MakeFloat3.uexp" 973
"../../../Engine/Plugins/Runtime/Oculus/OculusVR/Content/Materials/OculusMR_ChromaKey.uasset" 974
"../../../Engine/Plugins/Runtime/Oculus/OculusVR/Content/Materials/OculusMR_ChromaKey.uexp" 975
"../../../Engine/Plugins/Runtime/Oculus/OculusVR/Content/Materials/OculusMR_OpaqueColoredMaterial.uasset" 976
"../../../Engine/Plugins/Runtime/Oculus/OculusVR/Content/Materials/OculusMR_OpaqueColoredMaterial.uexp" 977
"../../../Engine/Plugins/Runtime/Oculus/OculusVR/Content/Materials/PokeAHoleMaterial.uasset" 978
"../../../Engine/Plugins/Runtime/Oculus/OculusVR/Content/Materials/PokeAHoleMaterial.uexp" 979
"../../../Engine/Plugins/Runtime/Oculus/OculusVR/Content/Textures/touchController_controlmap.uasset" 980
"../../../Engine/Plugins/Runtime/Oculus/OculusVR/Content/Textures/touchController_controlmap.uexp" 981
"../../../Engine/Plugins/Runtime/Oculus/OculusVR/Content/Textures/touchController_controlmap.ubulk" 982
"../../../Engine/Plugins/Runtime/Oculus/OculusVR/Content/Textures/touchController_albedo.uasset" 983
"../../../Engine/Plugins/Runtime/Oculus/OculusVR/Content/Textures/touchController_albedo.uexp" 984
"../../../Engine/Plugins/Runtime/Oculus/OculusVR/Content/Textures/touchController_albedo.ubulk" 985
"../../../Engine/Plugins/Runtime/Oculus/OculusVR/Content/Materials/touchController_mat.uasset" 986
"../../../Engine/Plugins/Runtime/Oculus/OculusVR/Content/Materials/touchController_mat.uexp" 987
"../../../Engine/Plugins/Runtime/Oculus/OculusVR/Content/Meshes/LeftTouchController.uasset" 988
"../../../Engine/Plugins/Runtime/Oculus/OculusVR/Content/Meshes/LeftTouchController.uexp" 989
"../../../Engine/Plugins/Runtime/Oculus/OculusVR/Content/Textures/TouchForQuestRiftSController_albedo.uasset" 990
"../../../Engine/Plugins/Runtime/Oculus/OculusVR/Content/Textures/TouchForQuestRiftSController_albedo.uexp" 991
"../../../Engine/Plugins/Runtime/Oculus/OculusVR/Content/Textures/TouchForQuestRiftSController_albedo.ubulk" 992
"../../../Engine/Plugins/Runtime/Oculus/OculusVR/Content/Materials/TouchForQuestRiftSControllerMaterial.uasset" 993
"../../../Engine/Plugins/Runtime/Oculus/OculusVR/Content/Materials/TouchForQuestRiftSControllerMaterial.uexp" 994
"../../../Engine/Plugins/Runtime/Oculus/OculusVR/Content/Meshes/LeftTouchForQuestRiftSController.uasset" 995
"../../../Engine/Plugins/Runtime/Oculus/OculusVR/Content/Meshes/LeftTouchForQuestRiftSController.uexp" 996
"../../../Engine/Plugins/Runtime/Oculus/OculusVR/Content/Meshes/RiftHMD.uasset" 997
"../../../Engine/Plugins/Runtime/Oculus/OculusVR/Content/Meshes/RiftHMD.uexp" 998
"../../../Engine/Plugins/Runtime/Oculus/OculusVR/Content/Meshes/RightTouchController.uasset" 999
"../../../Engine/Plugins/Runtime/Oculus/OculusVR/Content/Meshes/RightTouchController.uexp" 1000
"../../../Engine/Plugins/Runtime/Oculus/OculusVR/Content/Meshes/RightTouchForQuestRiftSController.uasset" 1001
"../../../Engine/Plugins/Runtime/Oculus/OculusVR/Content/Meshes/RightTouchForQuestRiftSController.uexp" 1002
"E:/UnrealProjects/HyperspacePanic/Content/Levels/Ship_BO_1_BuiltData.uasset" 1003
"E:/UnrealProjects/HyperspacePanic/Content/Levels/Ship_BO_1_BuiltData.uexp" 1004
"E:/UnrealProjects/HyperspacePanic/Content/Levels/Ship_BO_1_BuiltData.ubulk" 1005
"E:/UnrealProjects/HyperspacePanic/Content/ThirdPersonBP/Blueprints/ThirdPersonGameMode.uasset" 1006
"E:/UnrealProjects/HyperspacePanic/Content/ThirdPersonBP/Blueprints/ThirdPersonGameMode.uexp" 1007
"E:/UnrealProjects/HyperspacePanic/Content/Materials/SolidColor.uasset" 1008
"E:/UnrealProjects/HyperspacePanic/Content/Materials/SolidColor.uexp" 1009
"E:/UnrealProjects/HyperspacePanic/Content/Materials/SolidColor_Green.uasset" 1010
"E:/UnrealProjects/HyperspacePanic/Content/Materials/SolidColor_Green.uexp" 1011
"E:/UnrealProjects/HyperspacePanic/Content/Materials/SolidColor_Blue.uasset" 1012
"E:/UnrealProjects/HyperspacePanic/Content/Materials/SolidColor_Blue.uexp" 1013
"E:/UnrealProjects/HyperspacePanic/Content/Blueprints/Platforming/BP_Valve.uasset" 1014
"E:/UnrealProjects/HyperspacePanic/Content/Blueprints/Platforming/BP_Valve.uexp" 1015
"E:/UnrealProjects/HyperspacePanic/Content/Blueprints/Platforming/BP_Teleporter.uasset" 1016
"E:/UnrealProjects/HyperspacePanic/Content/Blueprints/Platforming/BP_Teleporter.uexp" 1017
"E:/UnrealProjects/HyperspacePanic/Content/Blueprints/Platforming/BP_Switch.uasset" 1018
"E:/UnrealProjects/HyperspacePanic/Content/Blueprints/Platforming/BP_Switch.uexp" 1019
"../../../Engine/Content/BasicShapes/Cube.uasset" 1020
"../../../Engine/Content/BasicShapes/Cube.uexp" 1021
"E:/UnrealProjects/HyperspacePanic/Content/Blueprints/Platforming/BP_MovingPlatform.uasset" 1022
"E:/UnrealProjects/HyperspacePanic/Content/Blueprints/Platforming/BP_MovingPlatform.uexp" 1023
"E:/UnrealProjects/HyperspacePanic/Content/Blueprints/Platforming/BP_LiftPlatform.uasset" 1024
"E:/UnrealProjects/HyperspacePanic/Content/Blueprints/Platforming/BP_LiftPlatform.uexp" 1025
"E:/UnrealProjects/HyperspacePanic/Content/Materials/SolidColor_Yellow.uasset" 1026
"E:/UnrealProjects/HyperspacePanic/Content/Materials/SolidColor_Yellow.uexp" 1027
"E:/UnrealProjects/HyperspacePanic/Content/Blueprints/Platforming/BP_FlipPlatform.uasset" 1028
"E:/UnrealProjects/HyperspacePanic/Content/Blueprints/Platforming/BP_FlipPlatform.uexp" 1029
"../../../Engine/Plugins/FX/Niagara/Content/Modules/Update/Size/ScaleSpriteSizeBySpeed.uasset" 1030
"../../../Engine/Plugins/FX/Niagara/Content/Modules/Update/Size/ScaleSpriteSizeBySpeed.uexp" 1031
"../../../Engine/Plugins/FX/Niagara/Content/Modules/Emitter/SpawnBurst_Instantaneous.uasset" 1032
"../../../Engine/Plugins/FX/Niagara/Content/Modules/Emitter/SpawnBurst_Instantaneous.uexp" 1033
"E:/UnrealProjects/HyperspacePanic/Content/NS_ExposedWiring.uasset" 1034
"E:/UnrealProjects/HyperspacePanic/Content/NS_ExposedWiring.uexp" 1035
"E:/UnrealProjects/HyperspacePanic/Content/Blueprints/Platforming/BP_ExposedWiring.uasset" 1036
"E:/UnrealProjects/HyperspacePanic/Content/Blueprints/Platforming/BP_ExposedWiring.uexp" 1037
"E:/UnrealProjects/HyperspacePanic/Content/Blueprints/Platforming/BP_Crate.uasset" 1038
"E:/UnrealProjects/HyperspacePanic/Content/Blueprints/Platforming/BP_Crate.uexp" 1039
"E:/UnrealProjects/HyperspacePanic/Content/Blueprints/Platforming/BP_Door.uasset" 1040
"E:/UnrealProjects/HyperspacePanic/Content/Blueprints/Platforming/BP_Door.uexp" 1041
"E:/UnrealProjects/HyperspacePanic/Content/Blueprints/Platforming/BP_Boiler.uasset" 1042
"E:/UnrealProjects/HyperspacePanic/Content/Blueprints/Platforming/BP_Boiler.uexp" 1043
"E:/UnrealProjects/HyperspacePanic/Content/Levels/Ship_BO_1.uexp" 1044
"E:/UnrealProjects/HyperspacePanic/Content/Levels/Ship_BO_1.umap" 1045
"../../../Engine/Content/Maps/Entry_BuiltData.uasset" 1046
"../../../Engine/Content/Maps/Entry_BuiltData.uexp" 1047
"../../../Engine/Content/Maps/Entry.uexp" 1048
"../../../Engine/Content/Maps/Entry.umap" 1049
